#
# A fatal error has been detected by the Java Runtime Environment:
#
#  SIGSEGV (0xb) at pc=0x00007fe2abab48fd, pid=12636, tid=12663
#
# JRE version: Java(TM) SE Runtime Environment 18.9 (11.0.11+9) (build 11.0.11+9-LTS-194)
# Java VM: Java HotSpot(TM) 64-Bit Server VM 18.9 (11.0.11+9-LTS-194, mixed mode, tiered, compressed oops, g1 gc, linux-amd64)
# Problematic frame:
# V  [libjvm.so+0x8508fd]  PhaseChaitin::interfere_with_live(unsigned int, IndexSet*)+0x24d
#
# Core dump will be written. Default location: Core dumps may be processed with "/usr/share/apport/apport %p %s %c %d %P %E" (or dumping to /home/arnaldo/projects/workspace-spring-tool/Builders/core.12636)
#
# If you would like to submit a bug report, please visit:
#   https://bugreport.java.com/bugreport/crash.jsp
#

---------------  S U M M A R Y ------------

Command Line: /home/arnaldo/projects/workspace-spring-tool/Builders/target/surefire/surefirebooter9724967735649088708.jar /home/arnaldo/projects/workspace-spring-tool/Builders/target/surefire 2021-07-29T00-10-51_387-jvmRun1 surefire234982323418129247tmp surefire_012296992875974197766tmp

Host: Intel(R) Core(TM) i7 CPU         860  @ 2.80GHz, 8 cores, 15G, Ubuntu 20.04.2 LTS
Time: Thu Jul 29 00:10:59 2021 -03 elapsed time: 1.991674 seconds (0d 0h 0m 1s)

---------------  T H R E A D  ---------------

Current thread (0x00007fe25c3c1000):  JavaThread "C2 CompilerThread2" daemon [_thread_in_native, id=12663, stack(0x00007fe27804d000,0x00007fe27814e000)]


Current CompileTask:
C2:   1991 1897       4       java.lang.invoke.MethodType::makeImpl (108 bytes)

Stack: [0x00007fe27804d000,0x00007fe27814e000],  sp=0x00007fe278149240,  free space=1008k
Native frames: (J=compiled Java code, A=aot compiled Java code, j=interpreted, Vv=VM code, C=native code)
V  [libjvm.so+0x8508fd]  PhaseChaitin::interfere_with_live(unsigned int, IndexSet*)+0x24d
V  [libjvm.so+0x8532ac]  PhaseChaitin::build_ifg_physical(ResourceArea*)+0x70c
V  [libjvm.so+0x57341a]  PhaseChaitin::Register_Allocate()+0x72a
V  [libjvm.so+0x63e62a]  Compile::Code_Gen()+0x28a
V  [libjvm.so+0x641b20]  Compile::Compile(ciEnv*, C2Compiler*, ciMethod*, int, bool, bool, bool, DirectiveSet*)+0xc60
V  [libjvm.so+0x54c860]  C2Compiler::compile_method(ciEnv*, ciMethod*, int, DirectiveSet*)+0xc0
V  [libjvm.so+0x64c440]  CompileBroker::invoke_compiler_on_method(CompileTask*)+0x500
V  [libjvm.so+0x64ddc8]  CompileBroker::compiler_thread_loop()+0x578
V  [libjvm.so+0xe39d8d]  JavaThread::thread_main_inner()+0x21d
V  [libjvm.so+0xe366bf]  Thread::call_run()+0x14f
V  [libjvm.so+0xc7c2ee]  thread_native_entry(Thread*)+0xee


siginfo: si_signo: 11 (SIGSEGV), si_code: 128 (SI_KERNEL), si_addr: 0x0000000000000000

Register to memory mapping:

RAX=0x10007fe2ac727580 is an unknown value
RBX=0x000000000000185a is an unknown value
RCX=0x10007fe2ac727590 is an unknown value
RDX=0x00007fe22c8ce520 points into unknown readable memory: 03 00 00 00 00 00 00 00
RSP=0x00007fe278149240 is pointing into the stack for thread: 0x00007fe25c3c1000
RBP=0x00007fe2781492c0 is pointing into the stack for thread: 0x00007fe25c3c1000
RSI=0x0000000000000400 is an unknown value
RDI=0x0000000000000400 is an unknown value
R8 =0x0000000000000400 is an unknown value
R9 =0x0 is NULL
R10=0x0 is NULL
R11=0x0 is NULL
R12=997440 is a compressed pointer to class: 0x00000008000f3840
java.util.function.Predicate$$Lambda$77/0x00000008000f3840 {0x00000008000f3840}
R13=0x00007fe278149250 is pointing into the stack for thread: 0x00007fe25c3c1000
R14=0x00007fe22c9e1220 points into unknown readable memory: 72 31 3b 27 05 e3 c0 3e
R15=0x00007fe278149900 is pointing into the stack for thread: 0x00007fe25c3c1000


Registers:
RAX=0x10007fe2ac727580, RBX=0x000000000000185a, RCX=0x10007fe2ac727590, RDX=0x00007fe22c8ce520
RSP=0x00007fe278149240, RBP=0x00007fe2781492c0, RSI=0x0000000000000400, RDI=0x0000000000000400
R8 =0x0000000000000400, R9 =0x0000000000000000, R10=0x0000000000000000, R11=0x0000000000000000
R12=0x00000000000f3840, R13=0x00007fe278149250, R14=0x00007fe22c9e1220, R15=0x00007fe278149900
RIP=0x00007fe2abab48fd, EFLAGS=0x0000000000010202, CSGSFS=0x002b000000000033, ERR=0x0000000000000000
  TRAPNO=0x000000000000000d

Top of Stack: (sp=0x00007fe278149240)
0x00007fe278149240:   000001b778149900 00007fe22c8ce520
0x00007fe278149250:   00000a8f00000000 00007fe200000005
0x00007fe278149260:   00007fe2308c7460 00007fe20000000b
0x00007fe278149270:   00007fe25c599a20 00007fe20000001c 

Instructions: (pc=0x00007fe2abab48fd)
0x00007fe2abab48dd:   48 8b 04 c6 48 3b 05 e0 45 c2 00 74 29 be 01 00
0x00007fe2abab48ed:   00 00 d3 e6 c1 e9 05 83 e1 07 89 f7 48 8d 0c 88
0x00007fe2abab48fd:   8b 01 09 c7 85 c6 89 39 0f 85 66 ff ff ff 83 02
0x00007fe2abab490d:   01 e9 5e ff ff ff 89 ce 48 89 d7 89 4d 84 48 89 

Stack slot to memory mapping:
stack at sp + 0 slots: 0x000001b778149900 is an unknown value
stack at sp + 1 slots: 0x00007fe22c8ce520 points into unknown readable memory: 03 00 00 00 00 00 00 00
stack at sp + 2 slots: 0x00000a8f00000000 is an unknown value
stack at sp + 3 slots: 0x00007fe200000005 is an unknown value
stack at sp + 4 slots: 0x00007fe2308c7460 points into unknown readable memory: 00 00 00 00 00 00 00 00
stack at sp + 5 slots: 0x00007fe20000000b is an unknown value
stack at sp + 6 slots: 0x00007fe25c599a20 points into unknown readable memory: 20 67 8c 30 e2 7f 00 00
stack at sp + 7 slots: 0x00007fe20000001c is an unknown value


---------------  P R O C E S S  ---------------

Threads class SMR info:
_java_thread_list=0x00007fe20c229c30, length=14, elements={
0x00007fe2a4024800, 0x00007fe2a426d800, 0x00007fe2a4271800, 0x00007fe2a4287000,
0x00007fe2a4289000, 0x00007fe2a428b000, 0x00007fe2a428d800, 0x00007fe2a431d000,
0x00007fe2a432e800, 0x00007fe2a43d4800, 0x00007fe2a44a0800, 0x00007fe238018000,
0x00007fe2500be800, 0x00007fe25c3c1000
}

Java Threads: ( => current thread )
  0x00007fe2a4024800 JavaThread "main" [_thread_in_Java, id=12637, stack(0x00007fe2ab014000,0x00007fe2ab115000)]
  0x00007fe2a426d800 JavaThread "Reference Handler" daemon [_thread_blocked, id=12648, stack(0x00007fe28025f000,0x00007fe280360000)]
  0x00007fe2a4271800 JavaThread "Finalizer" daemon [_thread_blocked, id=12649, stack(0x00007fe28015e000,0x00007fe28025f000)]
  0x00007fe2a4287000 JavaThread "Signal Dispatcher" daemon [_thread_blocked, id=12650, stack(0x00007fe28005d000,0x00007fe28015e000)]
  0x00007fe2a4289000 JavaThread "C2 CompilerThread0" daemon [_thread_in_native, id=12651, stack(0x00007fe27918e000,0x00007fe27928f000)]
  0x00007fe2a428b000 JavaThread "C1 CompilerThread0" daemon [_thread_in_native, id=12652, stack(0x00007fe27908d000,0x00007fe27918e000)]
  0x00007fe2a428d800 JavaThread "Sweeper thread" daemon [_thread_blocked, id=12653, stack(0x00007fe278f8c000,0x00007fe27908d000)]
  0x00007fe2a431d000 JavaThread "Service Thread" daemon [_thread_blocked, id=12654, stack(0x00007fe278e8b000,0x00007fe278f8c000)]
  0x00007fe2a432e800 JavaThread "Common-Cleaner" daemon [_thread_blocked, id=12656, stack(0x00007fe278c88000,0x00007fe278d89000)]
  0x00007fe2a43d4800 JavaThread "surefire-forkedjvm-command-thread" daemon [_thread_in_native, id=12657, stack(0x00007fe27875d000,0x00007fe27885e000)]
  0x00007fe2a44a0800 JavaThread "surefire-forkedjvm-ping-30s" daemon [_thread_blocked, id=12658, stack(0x00007fe27824f000,0x00007fe278350000)]
  0x00007fe238018000 JavaThread "process reaper" daemon [_thread_blocked, id=12661, stack(0x00007fe28c0d4000,0x00007fe28c0f6000)]
  0x00007fe2500be800 JavaThread "C2 CompilerThread1" daemon [_thread_in_native, id=12662, stack(0x00007fe27814e000,0x00007fe27824f000)]
=>0x00007fe25c3c1000 JavaThread "C2 CompilerThread2" daemon [_thread_in_native, id=12663, stack(0x00007fe27804d000,0x00007fe27814e000)]

Other Threads:
  0x00007fe2a4265000 VMThread "VM Thread" [stack: 0x00007fe28c0f8000,0x00007fe28c1f8000] [id=12647]
  0x00007fe2a4326000 WatcherThread [stack: 0x00007fe278d8b000,0x00007fe278e8b000] [id=12655]
  0x00007fe2a403a000 GCTaskThread "GC Thread#0" [stack: 0x00007fe2aa47d000,0x00007fe2aa57d000] [id=12642]
  0x00007fe26c041000 GCTaskThread "GC Thread#1" [stack: 0x00007fe237b00000,0x00007fe237c00000] [id=12664]
  0x00007fe26c042800 GCTaskThread "GC Thread#2" [stack: 0x00007fe2379fe000,0x00007fe237afe000] [id=12665]
  0x00007fe26c044000 GCTaskThread "GC Thread#3" [stack: 0x00007fe2378fc000,0x00007fe2379fc000] [id=12666]
  0x00007fe26c046000 GCTaskThread "GC Thread#4" [stack: 0x00007fe2377fa000,0x00007fe2378fa000] [id=12667]
  0x00007fe26c047800 GCTaskThread "GC Thread#5" [stack: 0x00007fe2376f8000,0x00007fe2377f8000] [id=12668]
  0x00007fe2a4098800 ConcurrentGCThread "G1 Main Marker" [stack: 0x00007fe2a8313000,0x00007fe2a8413000] [id=12643]
  0x00007fe2a409a800 ConcurrentGCThread "G1 Conc#0" [stack: 0x00007fe2a8211000,0x00007fe2a8311000] [id=12644]
  0x00007fe27c001000 ConcurrentGCThread "G1 Conc#1" [stack: 0x00007fe236df6000,0x00007fe236ef6000] [id=12673]
  0x00007fe2a419a000 ConcurrentGCThread "G1 Refine#0" [stack: 0x00007fe28c3d8000,0x00007fe28c4d8000] [id=12645]
  0x00007fe2a419c000 ConcurrentGCThread "G1 Young RemSet Sampling" [stack: 0x00007fe28c2d6000,0x00007fe28c3d6000] [id=12646]

Threads with active compile tasks:
C2 CompilerThread0   1996 2276       4       jdk.internal.module.SystemModuleFinders$SystemModuleReader::find (54 bytes)
C1 CompilerThread0   1996 2292       3       org.springframework.asm.ClassReader::readStringish (16 bytes)
C2 CompilerThread1   1996 2252   !   4       java.net.URL::<init> (543 bytes)
C2 CompilerThread2   1996 1897       4       java.lang.invoke.MethodType::makeImpl (108 bytes)

VM state:not at safepoint (normal execution)

VM Mutex/Monitor currently owned by a thread: None

Heap address: 0x0000000706c00000, size: 3988 MB, Compressed Oops mode: Zero based, Oop shift amount: 3
Narrow klass base: 0x0000000800000000, Narrow klass shift: 0
Compressed class space size: 1073741824 Address: 0x0000000800000000

Heap:
 garbage-first heap   total 256000K, used 47595K [0x0000000706c00000, 0x0000000800000000)
  region size 1024K, 42 young (43008K), 4 survivors (4096K)
 Metaspace       used 28565K, capacity 29459K, committed 29564K, reserved 1075200K
  class space    used 3298K, capacity 3652K, committed 3708K, reserved 1048576K
Heap Regions: E=young(eden), S=young(survivor), O=old, HS=humongous(starts), HC=humongous(continues), CS=collection set, F=free, A=archive, TAMS=top-at-mark-start (previous, next)
|   0|0x0000000706c00000, 0x0000000706d00000, 0x0000000706d00000|100%|HS|  |TAMS 0x0000000706d00000, 0x0000000706c00000| Complete 
|   1|0x0000000706d00000, 0x0000000706e00000, 0x0000000706e00000|100%| O|  |TAMS 0x0000000706e00000, 0x0000000706d00000| Untracked 
|   2|0x0000000706e00000, 0x0000000706f00000, 0x0000000706f00000|100%| O|  |TAMS 0x0000000706f00000, 0x0000000706e00000| Untracked 
|   3|0x0000000706f00000, 0x0000000707000000, 0x0000000707000000|100%| O|  |TAMS 0x0000000706f88200, 0x0000000706f00000| Untracked 
|   4|0x0000000707000000, 0x0000000707100000, 0x0000000707100000|100%| O|  |TAMS 0x0000000707000000, 0x0000000707000000| Untracked 
|   5|0x0000000707100000, 0x0000000707200000, 0x0000000707200000|100%| O|  |TAMS 0x0000000707100000, 0x0000000707100000| Untracked 
|   6|0x0000000707200000, 0x000000070727ae00, 0x0000000707300000| 47%| O|  |TAMS 0x0000000707200000, 0x0000000707200000| Untracked 
|   7|0x0000000707300000, 0x0000000707300000, 0x0000000707400000|  0%| F|  |TAMS 0x0000000707300000, 0x0000000707300000| Untracked 
|   8|0x0000000707400000, 0x0000000707400000, 0x0000000707500000|  0%| F|  |TAMS 0x0000000707400000, 0x0000000707400000| Untracked 
|   9|0x0000000707500000, 0x0000000707500000, 0x0000000707600000|  0%| F|  |TAMS 0x0000000707500000, 0x0000000707500000| Untracked 
|  10|0x0000000707600000, 0x0000000707600000, 0x0000000707700000|  0%| F|  |TAMS 0x0000000707600000, 0x0000000707600000| Untracked 
|  11|0x0000000707700000, 0x0000000707700000, 0x0000000707800000|  0%| F|  |TAMS 0x0000000707700000, 0x0000000707700000| Untracked 
|  12|0x0000000707800000, 0x0000000707800000, 0x0000000707900000|  0%| F|  |TAMS 0x0000000707800000, 0x0000000707800000| Untracked 
|  13|0x0000000707900000, 0x0000000707900000, 0x0000000707a00000|  0%| F|  |TAMS 0x0000000707900000, 0x0000000707900000| Untracked 
|  14|0x0000000707a00000, 0x0000000707a00000, 0x0000000707b00000|  0%| F|  |TAMS 0x0000000707a00000, 0x0000000707a00000| Untracked 
|  15|0x0000000707b00000, 0x0000000707b00000, 0x0000000707c00000|  0%| F|  |TAMS 0x0000000707b00000, 0x0000000707b00000| Untracked 
|  16|0x0000000707c00000, 0x0000000707c00000, 0x0000000707d00000|  0%| F|  |TAMS 0x0000000707c00000, 0x0000000707c00000| Untracked 
|  17|0x0000000707d00000, 0x0000000707d00000, 0x0000000707e00000|  0%| F|  |TAMS 0x0000000707d00000, 0x0000000707d00000| Untracked 
|  18|0x0000000707e00000, 0x0000000707e00000, 0x0000000707f00000|  0%| F|  |TAMS 0x0000000707e00000, 0x0000000707e00000| Untracked 
|  19|0x0000000707f00000, 0x0000000707f00000, 0x0000000708000000|  0%| F|  |TAMS 0x0000000707f00000, 0x0000000707f00000| Untracked 
|  20|0x0000000708000000, 0x0000000708000000, 0x0000000708100000|  0%| F|  |TAMS 0x0000000708000000, 0x0000000708000000| Untracked 
|  21|0x0000000708100000, 0x0000000708100000, 0x0000000708200000|  0%| F|  |TAMS 0x0000000708100000, 0x0000000708100000| Untracked 
|  22|0x0000000708200000, 0x0000000708200000, 0x0000000708300000|  0%| F|  |TAMS 0x0000000708200000, 0x0000000708200000| Untracked 
|  23|0x0000000708300000, 0x0000000708300000, 0x0000000708400000|  0%| F|  |TAMS 0x0000000708300000, 0x0000000708300000| Untracked 
|  24|0x0000000708400000, 0x0000000708400000, 0x0000000708500000|  0%| F|  |TAMS 0x0000000708400000, 0x0000000708400000| Untracked 
|  25|0x0000000708500000, 0x0000000708500000, 0x0000000708600000|  0%| F|  |TAMS 0x0000000708500000, 0x0000000708500000| Untracked 
|  26|0x0000000708600000, 0x0000000708600000, 0x0000000708700000|  0%| F|  |TAMS 0x0000000708600000, 0x0000000708600000| Untracked 
|  27|0x0000000708700000, 0x0000000708700000, 0x0000000708800000|  0%| F|  |TAMS 0x0000000708700000, 0x0000000708700000| Untracked 
|  28|0x0000000708800000, 0x0000000708800000, 0x0000000708900000|  0%| F|  |TAMS 0x0000000708800000, 0x0000000708800000| Untracked 
|  29|0x0000000708900000, 0x0000000708900000, 0x0000000708a00000|  0%| F|  |TAMS 0x0000000708900000, 0x0000000708900000| Untracked 
|  30|0x0000000708a00000, 0x0000000708a00000, 0x0000000708b00000|  0%| F|  |TAMS 0x0000000708a00000, 0x0000000708a00000| Untracked 
|  31|0x0000000708b00000, 0x0000000708b00000, 0x0000000708c00000|  0%| F|  |TAMS 0x0000000708b00000, 0x0000000708b00000| Untracked 
|  32|0x0000000708c00000, 0x0000000708c00000, 0x0000000708d00000|  0%| F|  |TAMS 0x0000000708c00000, 0x0000000708c00000| Untracked 
|  33|0x0000000708d00000, 0x0000000708d00000, 0x0000000708e00000|  0%| F|  |TAMS 0x0000000708d00000, 0x0000000708d00000| Untracked 
|  34|0x0000000708e00000, 0x0000000708e00000, 0x0000000708f00000|  0%| F|  |TAMS 0x0000000708e00000, 0x0000000708e00000| Untracked 
|  35|0x0000000708f00000, 0x0000000708f00000, 0x0000000709000000|  0%| F|  |TAMS 0x0000000708f00000, 0x0000000708f00000| Untracked 
|  36|0x0000000709000000, 0x0000000709000000, 0x0000000709100000|  0%| F|  |TAMS 0x0000000709000000, 0x0000000709000000| Untracked 
|  37|0x0000000709100000, 0x0000000709100000, 0x0000000709200000|  0%| F|  |TAMS 0x0000000709100000, 0x0000000709100000| Untracked 
|  38|0x0000000709200000, 0x0000000709200000, 0x0000000709300000|  0%| F|  |TAMS 0x0000000709200000, 0x0000000709200000| Untracked 
|  39|0x0000000709300000, 0x0000000709300000, 0x0000000709400000|  0%| F|  |TAMS 0x0000000709300000, 0x0000000709300000| Untracked 
|  40|0x0000000709400000, 0x0000000709400000, 0x0000000709500000|  0%| F|  |TAMS 0x0000000709400000, 0x0000000709400000| Untracked 
|  41|0x0000000709500000, 0x0000000709500000, 0x0000000709600000|  0%| F|  |TAMS 0x0000000709500000, 0x0000000709500000| Untracked 
|  42|0x0000000709600000, 0x0000000709600000, 0x0000000709700000|  0%| F|  |TAMS 0x0000000709600000, 0x0000000709600000| Untracked 
|  43|0x0000000709700000, 0x0000000709700000, 0x0000000709800000|  0%| F|  |TAMS 0x0000000709700000, 0x0000000709700000| Untracked 
|  44|0x0000000709800000, 0x0000000709800000, 0x0000000709900000|  0%| F|  |TAMS 0x0000000709800000, 0x0000000709800000| Untracked 
|  45|0x0000000709900000, 0x0000000709900000, 0x0000000709a00000|  0%| F|  |TAMS 0x0000000709900000, 0x0000000709900000| Untracked 
|  46|0x0000000709a00000, 0x0000000709a00000, 0x0000000709b00000|  0%| F|  |TAMS 0x0000000709a00000, 0x0000000709a00000| Untracked 
|  47|0x0000000709b00000, 0x0000000709b00000, 0x0000000709c00000|  0%| F|  |TAMS 0x0000000709b00000, 0x0000000709b00000| Untracked 
|  48|0x0000000709c00000, 0x0000000709c00000, 0x0000000709d00000|  0%| F|  |TAMS 0x0000000709c00000, 0x0000000709c00000| Untracked 
|  49|0x0000000709d00000, 0x0000000709d00000, 0x0000000709e00000|  0%| F|  |TAMS 0x0000000709d00000, 0x0000000709d00000| Untracked 
|  50|0x0000000709e00000, 0x0000000709e00000, 0x0000000709f00000|  0%| F|  |TAMS 0x0000000709e00000, 0x0000000709e00000| Untracked 
|  51|0x0000000709f00000, 0x0000000709f00000, 0x000000070a000000|  0%| F|  |TAMS 0x0000000709f00000, 0x0000000709f00000| Untracked 
|  52|0x000000070a000000, 0x000000070a000000, 0x000000070a100000|  0%| F|  |TAMS 0x000000070a000000, 0x000000070a000000| Untracked 
|  53|0x000000070a100000, 0x000000070a100000, 0x000000070a200000|  0%| F|  |TAMS 0x000000070a100000, 0x000000070a100000| Untracked 
|  54|0x000000070a200000, 0x000000070a200000, 0x000000070a300000|  0%| F|  |TAMS 0x000000070a200000, 0x000000070a200000| Untracked 
|  55|0x000000070a300000, 0x000000070a300000, 0x000000070a400000|  0%| F|  |TAMS 0x000000070a300000, 0x000000070a300000| Untracked 
|  56|0x000000070a400000, 0x000000070a400000, 0x000000070a500000|  0%| F|  |TAMS 0x000000070a400000, 0x000000070a400000| Untracked 
|  57|0x000000070a500000, 0x000000070a500000, 0x000000070a600000|  0%| F|  |TAMS 0x000000070a500000, 0x000000070a500000| Untracked 
|  58|0x000000070a600000, 0x000000070a600000, 0x000000070a700000|  0%| F|  |TAMS 0x000000070a600000, 0x000000070a600000| Untracked 
|  59|0x000000070a700000, 0x000000070a700000, 0x000000070a800000|  0%| F|  |TAMS 0x000000070a700000, 0x000000070a700000| Untracked 
|  60|0x000000070a800000, 0x000000070a800000, 0x000000070a900000|  0%| F|  |TAMS 0x000000070a800000, 0x000000070a800000| Untracked 
|  61|0x000000070a900000, 0x000000070a900000, 0x000000070aa00000|  0%| F|  |TAMS 0x000000070a900000, 0x000000070a900000| Untracked 
|  62|0x000000070aa00000, 0x000000070aa00000, 0x000000070ab00000|  0%| F|  |TAMS 0x000000070aa00000, 0x000000070aa00000| Untracked 
|  63|0x000000070ab00000, 0x000000070ab00000, 0x000000070ac00000|  0%| F|  |TAMS 0x000000070ab00000, 0x000000070ab00000| Untracked 
|  64|0x000000070ac00000, 0x000000070ac00000, 0x000000070ad00000|  0%| F|  |TAMS 0x000000070ac00000, 0x000000070ac00000| Untracked 
|  65|0x000000070ad00000, 0x000000070ad00000, 0x000000070ae00000|  0%| F|  |TAMS 0x000000070ad00000, 0x000000070ad00000| Untracked 
|  66|0x000000070ae00000, 0x000000070ae00000, 0x000000070af00000|  0%| F|  |TAMS 0x000000070ae00000, 0x000000070ae00000| Untracked 
|  67|0x000000070af00000, 0x000000070af00000, 0x000000070b000000|  0%| F|  |TAMS 0x000000070af00000, 0x000000070af00000| Untracked 
|  68|0x000000070b000000, 0x000000070b000000, 0x000000070b100000|  0%| F|  |TAMS 0x000000070b000000, 0x000000070b000000| Untracked 
|  69|0x000000070b100000, 0x000000070b100000, 0x000000070b200000|  0%| F|  |TAMS 0x000000070b100000, 0x000000070b100000| Untracked 
|  70|0x000000070b200000, 0x000000070b200000, 0x000000070b300000|  0%| F|  |TAMS 0x000000070b200000, 0x000000070b200000| Untracked 
|  71|0x000000070b300000, 0x000000070b300000, 0x000000070b400000|  0%| F|  |TAMS 0x000000070b300000, 0x000000070b300000| Untracked 
|  72|0x000000070b400000, 0x000000070b400000, 0x000000070b500000|  0%| F|  |TAMS 0x000000070b400000, 0x000000070b400000| Untracked 
|  73|0x000000070b500000, 0x000000070b500000, 0x000000070b600000|  0%| F|  |TAMS 0x000000070b500000, 0x000000070b500000| Untracked 
|  74|0x000000070b600000, 0x000000070b600000, 0x000000070b700000|  0%| F|  |TAMS 0x000000070b600000, 0x000000070b600000| Untracked 
|  75|0x000000070b700000, 0x000000070b700000, 0x000000070b800000|  0%| F|  |TAMS 0x000000070b700000, 0x000000070b700000| Untracked 
|  76|0x000000070b800000, 0x000000070b800000, 0x000000070b900000|  0%| F|  |TAMS 0x000000070b800000, 0x000000070b800000| Untracked 
|  77|0x000000070b900000, 0x000000070b900000, 0x000000070ba00000|  0%| F|  |TAMS 0x000000070b900000, 0x000000070b900000| Untracked 
|  78|0x000000070ba00000, 0x000000070ba00000, 0x000000070bb00000|  0%| F|  |TAMS 0x000000070ba00000, 0x000000070ba00000| Untracked 
|  79|0x000000070bb00000, 0x000000070bb00000, 0x000000070bc00000|  0%| F|  |TAMS 0x000000070bb00000, 0x000000070bb00000| Untracked 
|  80|0x000000070bc00000, 0x000000070bc00000, 0x000000070bd00000|  0%| F|  |TAMS 0x000000070bc00000, 0x000000070bc00000| Untracked 
|  81|0x000000070bd00000, 0x000000070bd00000, 0x000000070be00000|  0%| F|  |TAMS 0x000000070bd00000, 0x000000070bd00000| Untracked 
|  82|0x000000070be00000, 0x000000070be00000, 0x000000070bf00000|  0%| F|  |TAMS 0x000000070be00000, 0x000000070be00000| Untracked 
|  83|0x000000070bf00000, 0x000000070bf00000, 0x000000070c000000|  0%| F|  |TAMS 0x000000070bf00000, 0x000000070bf00000| Untracked 
|  84|0x000000070c000000, 0x000000070c000000, 0x000000070c100000|  0%| F|  |TAMS 0x000000070c000000, 0x000000070c000000| Untracked 
|  85|0x000000070c100000, 0x000000070c100000, 0x000000070c200000|  0%| F|  |TAMS 0x000000070c100000, 0x000000070c100000| Untracked 
|  86|0x000000070c200000, 0x000000070c200000, 0x000000070c300000|  0%| F|  |TAMS 0x000000070c200000, 0x000000070c200000| Untracked 
|  87|0x000000070c300000, 0x000000070c300000, 0x000000070c400000|  0%| F|  |TAMS 0x000000070c300000, 0x000000070c300000| Untracked 
|  88|0x000000070c400000, 0x000000070c400000, 0x000000070c500000|  0%| F|  |TAMS 0x000000070c400000, 0x000000070c400000| Untracked 
|  89|0x000000070c500000, 0x000000070c500000, 0x000000070c600000|  0%| F|  |TAMS 0x000000070c500000, 0x000000070c500000| Untracked 
|  90|0x000000070c600000, 0x000000070c600000, 0x000000070c700000|  0%| F|  |TAMS 0x000000070c600000, 0x000000070c600000| Untracked 
|  91|0x000000070c700000, 0x000000070c700000, 0x000000070c800000|  0%| F|  |TAMS 0x000000070c700000, 0x000000070c700000| Untracked 
|  92|0x000000070c800000, 0x000000070c800000, 0x000000070c900000|  0%| F|  |TAMS 0x000000070c800000, 0x000000070c800000| Untracked 
|  93|0x000000070c900000, 0x000000070c900000, 0x000000070ca00000|  0%| F|  |TAMS 0x000000070c900000, 0x000000070c900000| Untracked 
|  94|0x000000070ca00000, 0x000000070ca00000, 0x000000070cb00000|  0%| F|  |TAMS 0x000000070ca00000, 0x000000070ca00000| Untracked 
|  95|0x000000070cb00000, 0x000000070cb00000, 0x000000070cc00000|  0%| F|  |TAMS 0x000000070cb00000, 0x000000070cb00000| Untracked 
|  96|0x000000070cc00000, 0x000000070cc00000, 0x000000070cd00000|  0%| F|  |TAMS 0x000000070cc00000, 0x000000070cc00000| Untracked 
|  97|0x000000070cd00000, 0x000000070cd00000, 0x000000070ce00000|  0%| F|  |TAMS 0x000000070cd00000, 0x000000070cd00000| Untracked 
|  98|0x000000070ce00000, 0x000000070ce00000, 0x000000070cf00000|  0%| F|  |TAMS 0x000000070ce00000, 0x000000070ce00000| Untracked 
|  99|0x000000070cf00000, 0x000000070cf00000, 0x000000070d000000|  0%| F|  |TAMS 0x000000070cf00000, 0x000000070cf00000| Untracked 
| 100|0x000000070d000000, 0x000000070d000000, 0x000000070d100000|  0%| F|  |TAMS 0x000000070d000000, 0x000000070d000000| Untracked 
| 101|0x000000070d100000, 0x000000070d100000, 0x000000070d200000|  0%| F|  |TAMS 0x000000070d100000, 0x000000070d100000| Untracked 
| 102|0x000000070d200000, 0x000000070d200000, 0x000000070d300000|  0%| F|  |TAMS 0x000000070d200000, 0x000000070d200000| Untracked 
| 103|0x000000070d300000, 0x000000070d300000, 0x000000070d400000|  0%| F|  |TAMS 0x000000070d300000, 0x000000070d300000| Untracked 
| 104|0x000000070d400000, 0x000000070d400000, 0x000000070d500000|  0%| F|  |TAMS 0x000000070d400000, 0x000000070d400000| Untracked 
| 105|0x000000070d500000, 0x000000070d500000, 0x000000070d600000|  0%| F|  |TAMS 0x000000070d500000, 0x000000070d500000| Untracked 
| 106|0x000000070d600000, 0x000000070d600000, 0x000000070d700000|  0%| F|  |TAMS 0x000000070d600000, 0x000000070d600000| Untracked 
| 107|0x000000070d700000, 0x000000070d700000, 0x000000070d800000|  0%| F|  |TAMS 0x000000070d700000, 0x000000070d700000| Untracked 
| 108|0x000000070d800000, 0x000000070d800000, 0x000000070d900000|  0%| F|  |TAMS 0x000000070d800000, 0x000000070d800000| Untracked 
| 109|0x000000070d900000, 0x000000070d900000, 0x000000070da00000|  0%| F|  |TAMS 0x000000070d900000, 0x000000070d900000| Untracked 
| 110|0x000000070da00000, 0x000000070da00000, 0x000000070db00000|  0%| F|  |TAMS 0x000000070da00000, 0x000000070da00000| Untracked 
| 111|0x000000070db00000, 0x000000070db00000, 0x000000070dc00000|  0%| F|  |TAMS 0x000000070db00000, 0x000000070db00000| Untracked 
| 112|0x000000070dc00000, 0x000000070dc00000, 0x000000070dd00000|  0%| F|  |TAMS 0x000000070dc00000, 0x000000070dc00000| Untracked 
| 113|0x000000070dd00000, 0x000000070dd00000, 0x000000070de00000|  0%| F|  |TAMS 0x000000070dd00000, 0x000000070dd00000| Untracked 
| 114|0x000000070de00000, 0x000000070de00000, 0x000000070df00000|  0%| F|  |TAMS 0x000000070de00000, 0x000000070de00000| Untracked 
| 115|0x000000070df00000, 0x000000070df00000, 0x000000070e000000|  0%| F|  |TAMS 0x000000070df00000, 0x000000070df00000| Untracked 
| 116|0x000000070e000000, 0x000000070e000000, 0x000000070e100000|  0%| F|  |TAMS 0x000000070e000000, 0x000000070e000000| Untracked 
| 117|0x000000070e100000, 0x000000070e100000, 0x000000070e200000|  0%| F|  |TAMS 0x000000070e100000, 0x000000070e100000| Untracked 
| 118|0x000000070e200000, 0x000000070e200000, 0x000000070e300000|  0%| F|  |TAMS 0x000000070e200000, 0x000000070e200000| Untracked 
| 119|0x000000070e300000, 0x000000070e300000, 0x000000070e400000|  0%| F|  |TAMS 0x000000070e300000, 0x000000070e300000| Untracked 
| 120|0x000000070e400000, 0x000000070e400000, 0x000000070e500000|  0%| F|  |TAMS 0x000000070e400000, 0x000000070e400000| Untracked 
| 121|0x000000070e500000, 0x000000070e500000, 0x000000070e600000|  0%| F|  |TAMS 0x000000070e500000, 0x000000070e500000| Untracked 
| 122|0x000000070e600000, 0x000000070e600000, 0x000000070e700000|  0%| F|  |TAMS 0x000000070e600000, 0x000000070e600000| Untracked 
| 123|0x000000070e700000, 0x000000070e700000, 0x000000070e800000|  0%| F|  |TAMS 0x000000070e700000, 0x000000070e700000| Untracked 
| 124|0x000000070e800000, 0x000000070e800000, 0x000000070e900000|  0%| F|  |TAMS 0x000000070e800000, 0x000000070e800000| Untracked 
| 125|0x000000070e900000, 0x000000070e900000, 0x000000070ea00000|  0%| F|  |TAMS 0x000000070e900000, 0x000000070e900000| Untracked 
| 126|0x000000070ea00000, 0x000000070ea00000, 0x000000070eb00000|  0%| F|  |TAMS 0x000000070ea00000, 0x000000070ea00000| Untracked 
| 127|0x000000070eb00000, 0x000000070eb00000, 0x000000070ec00000|  0%| F|  |TAMS 0x000000070eb00000, 0x000000070eb00000| Untracked 
| 128|0x000000070ec00000, 0x000000070ec00000, 0x000000070ed00000|  0%| F|  |TAMS 0x000000070ec00000, 0x000000070ec00000| Untracked 
| 129|0x000000070ed00000, 0x000000070ed00000, 0x000000070ee00000|  0%| F|  |TAMS 0x000000070ed00000, 0x000000070ed00000| Untracked 
| 130|0x000000070ee00000, 0x000000070ee00000, 0x000000070ef00000|  0%| F|  |TAMS 0x000000070ee00000, 0x000000070ee00000| Untracked 
| 131|0x000000070ef00000, 0x000000070ef00000, 0x000000070f000000|  0%| F|  |TAMS 0x000000070ef00000, 0x000000070ef00000| Untracked 
| 132|0x000000070f000000, 0x000000070f000000, 0x000000070f100000|  0%| F|  |TAMS 0x000000070f000000, 0x000000070f000000| Untracked 
| 133|0x000000070f100000, 0x000000070f100000, 0x000000070f200000|  0%| F|  |TAMS 0x000000070f100000, 0x000000070f100000| Untracked 
| 134|0x000000070f200000, 0x000000070f200000, 0x000000070f300000|  0%| F|  |TAMS 0x000000070f200000, 0x000000070f200000| Untracked 
| 135|0x000000070f300000, 0x000000070f300000, 0x000000070f400000|  0%| F|  |TAMS 0x000000070f300000, 0x000000070f300000| Untracked 
| 136|0x000000070f400000, 0x000000070f400000, 0x000000070f500000|  0%| F|  |TAMS 0x000000070f400000, 0x000000070f400000| Untracked 
| 137|0x000000070f500000, 0x000000070f500000, 0x000000070f600000|  0%| F|  |TAMS 0x000000070f500000, 0x000000070f500000| Untracked 
| 138|0x000000070f600000, 0x000000070f600000, 0x000000070f700000|  0%| F|  |TAMS 0x000000070f600000, 0x000000070f600000| Untracked 
| 139|0x000000070f700000, 0x000000070f700000, 0x000000070f800000|  0%| F|  |TAMS 0x000000070f700000, 0x000000070f700000| Untracked 
| 140|0x000000070f800000, 0x000000070f800000, 0x000000070f900000|  0%| F|  |TAMS 0x000000070f800000, 0x000000070f800000| Untracked 
| 141|0x000000070f900000, 0x000000070f900000, 0x000000070fa00000|  0%| F|  |TAMS 0x000000070f900000, 0x000000070f900000| Untracked 
| 142|0x000000070fa00000, 0x000000070fa00000, 0x000000070fb00000|  0%| F|  |TAMS 0x000000070fa00000, 0x000000070fa00000| Untracked 
| 143|0x000000070fb00000, 0x000000070fb00000, 0x000000070fc00000|  0%| F|  |TAMS 0x000000070fb00000, 0x000000070fb00000| Untracked 
| 144|0x000000070fc00000, 0x000000070fc00000, 0x000000070fd00000|  0%| F|  |TAMS 0x000000070fc00000, 0x000000070fc00000| Untracked 
| 145|0x000000070fd00000, 0x000000070fd00000, 0x000000070fe00000|  0%| F|  |TAMS 0x000000070fd00000, 0x000000070fd00000| Untracked 
| 146|0x000000070fe00000, 0x000000070fe00000, 0x000000070ff00000|  0%| F|  |TAMS 0x000000070fe00000, 0x000000070fe00000| Untracked 
| 147|0x000000070ff00000, 0x000000070ff00000, 0x0000000710000000|  0%| F|  |TAMS 0x000000070ff00000, 0x000000070ff00000| Untracked 
| 148|0x0000000710000000, 0x0000000710000000, 0x0000000710100000|  0%| F|  |TAMS 0x0000000710000000, 0x0000000710000000| Untracked 
| 149|0x0000000710100000, 0x0000000710100000, 0x0000000710200000|  0%| F|  |TAMS 0x0000000710100000, 0x0000000710100000| Untracked 
| 150|0x0000000710200000, 0x0000000710200000, 0x0000000710300000|  0%| F|  |TAMS 0x0000000710200000, 0x0000000710200000| Untracked 
| 151|0x0000000710300000, 0x0000000710300000, 0x0000000710400000|  0%| F|  |TAMS 0x0000000710300000, 0x0000000710300000| Untracked 
| 152|0x0000000710400000, 0x0000000710400000, 0x0000000710500000|  0%| F|  |TAMS 0x0000000710400000, 0x0000000710400000| Untracked 
| 153|0x0000000710500000, 0x0000000710500000, 0x0000000710600000|  0%| F|  |TAMS 0x0000000710500000, 0x0000000710500000| Untracked 
| 154|0x0000000710600000, 0x0000000710600000, 0x0000000710700000|  0%| F|  |TAMS 0x0000000710600000, 0x0000000710600000| Untracked 
| 155|0x0000000710700000, 0x0000000710700000, 0x0000000710800000|  0%| F|  |TAMS 0x0000000710700000, 0x0000000710700000| Untracked 
| 156|0x0000000710800000, 0x0000000710800000, 0x0000000710900000|  0%| F|  |TAMS 0x0000000710800000, 0x0000000710800000| Untracked 
| 157|0x0000000710900000, 0x0000000710900000, 0x0000000710a00000|  0%| F|  |TAMS 0x0000000710900000, 0x0000000710900000| Untracked 
| 158|0x0000000710a00000, 0x0000000710a00000, 0x0000000710b00000|  0%| F|  |TAMS 0x0000000710a00000, 0x0000000710a00000| Untracked 
| 159|0x0000000710b00000, 0x0000000710b00000, 0x0000000710c00000|  0%| F|  |TAMS 0x0000000710b00000, 0x0000000710b00000| Untracked 
| 160|0x0000000710c00000, 0x0000000710c00000, 0x0000000710d00000|  0%| F|  |TAMS 0x0000000710c00000, 0x0000000710c00000| Untracked 
| 161|0x0000000710d00000, 0x0000000710d00000, 0x0000000710e00000|  0%| F|  |TAMS 0x0000000710d00000, 0x0000000710d00000| Untracked 
| 162|0x0000000710e00000, 0x0000000710e00000, 0x0000000710f00000|  0%| F|  |TAMS 0x0000000710e00000, 0x0000000710e00000| Untracked 
| 163|0x0000000710f00000, 0x0000000710f00000, 0x0000000711000000|  0%| F|  |TAMS 0x0000000710f00000, 0x0000000710f00000| Untracked 
| 164|0x0000000711000000, 0x0000000711000000, 0x0000000711100000|  0%| F|  |TAMS 0x0000000711000000, 0x0000000711000000| Untracked 
| 165|0x0000000711100000, 0x0000000711100000, 0x0000000711200000|  0%| F|  |TAMS 0x0000000711100000, 0x0000000711100000| Untracked 
| 166|0x0000000711200000, 0x0000000711200000, 0x0000000711300000|  0%| F|  |TAMS 0x0000000711200000, 0x0000000711200000| Untracked 
| 167|0x0000000711300000, 0x0000000711300000, 0x0000000711400000|  0%| F|  |TAMS 0x0000000711300000, 0x0000000711300000| Untracked 
| 168|0x0000000711400000, 0x0000000711400000, 0x0000000711500000|  0%| F|  |TAMS 0x0000000711400000, 0x0000000711400000| Untracked 
| 169|0x0000000711500000, 0x0000000711500000, 0x0000000711600000|  0%| F|  |TAMS 0x0000000711500000, 0x0000000711500000| Untracked 
| 170|0x0000000711600000, 0x0000000711600000, 0x0000000711700000|  0%| F|  |TAMS 0x0000000711600000, 0x0000000711600000| Untracked 
| 171|0x0000000711700000, 0x0000000711700000, 0x0000000711800000|  0%| F|  |TAMS 0x0000000711700000, 0x0000000711700000| Untracked 
| 172|0x0000000711800000, 0x0000000711800000, 0x0000000711900000|  0%| F|  |TAMS 0x0000000711800000, 0x0000000711800000| Untracked 
| 173|0x0000000711900000, 0x0000000711900000, 0x0000000711a00000|  0%| F|  |TAMS 0x0000000711900000, 0x0000000711900000| Untracked 
| 174|0x0000000711a00000, 0x0000000711a00000, 0x0000000711b00000|  0%| F|  |TAMS 0x0000000711a00000, 0x0000000711a00000| Untracked 
| 175|0x0000000711b00000, 0x0000000711b00000, 0x0000000711c00000|  0%| F|  |TAMS 0x0000000711b00000, 0x0000000711b00000| Untracked 
| 176|0x0000000711c00000, 0x0000000711c00000, 0x0000000711d00000|  0%| F|  |TAMS 0x0000000711c00000, 0x0000000711c00000| Untracked 
| 177|0x0000000711d00000, 0x0000000711d00000, 0x0000000711e00000|  0%| F|  |TAMS 0x0000000711d00000, 0x0000000711d00000| Untracked 
| 178|0x0000000711e00000, 0x0000000711e00000, 0x0000000711f00000|  0%| F|  |TAMS 0x0000000711e00000, 0x0000000711e00000| Untracked 
| 179|0x0000000711f00000, 0x0000000711f00000, 0x0000000712000000|  0%| F|  |TAMS 0x0000000711f00000, 0x0000000711f00000| Untracked 
| 180|0x0000000712000000, 0x0000000712000000, 0x0000000712100000|  0%| F|  |TAMS 0x0000000712000000, 0x0000000712000000| Untracked 
| 181|0x0000000712100000, 0x0000000712100000, 0x0000000712200000|  0%| F|  |TAMS 0x0000000712100000, 0x0000000712100000| Untracked 
| 182|0x0000000712200000, 0x0000000712200000, 0x0000000712300000|  0%| F|  |TAMS 0x0000000712200000, 0x0000000712200000| Untracked 
| 183|0x0000000712300000, 0x0000000712300000, 0x0000000712400000|  0%| F|  |TAMS 0x0000000712300000, 0x0000000712300000| Untracked 
| 184|0x0000000712400000, 0x0000000712400000, 0x0000000712500000|  0%| F|  |TAMS 0x0000000712400000, 0x0000000712400000| Untracked 
| 185|0x0000000712500000, 0x0000000712500000, 0x0000000712600000|  0%| F|  |TAMS 0x0000000712500000, 0x0000000712500000| Untracked 
| 186|0x0000000712600000, 0x0000000712600000, 0x0000000712700000|  0%| F|  |TAMS 0x0000000712600000, 0x0000000712600000| Untracked 
| 187|0x0000000712700000, 0x0000000712800000, 0x0000000712800000|100%| S|CS|TAMS 0x0000000712700000, 0x0000000712700000| Complete 
| 188|0x0000000712800000, 0x0000000712900000, 0x0000000712900000|100%| S|CS|TAMS 0x0000000712800000, 0x0000000712800000| Complete 
| 189|0x0000000712900000, 0x0000000712a00000, 0x0000000712a00000|100%| S|CS|TAMS 0x0000000712900000, 0x0000000712900000| Complete 
| 190|0x0000000712a00000, 0x0000000712b00000, 0x0000000712b00000|100%| S|CS|TAMS 0x0000000712a00000, 0x0000000712a00000| Complete 
| 191|0x0000000712b00000, 0x0000000712b00000, 0x0000000712c00000|  0%| F|  |TAMS 0x0000000712b00000, 0x0000000712b00000| Untracked 
| 192|0x0000000712c00000, 0x0000000712c00000, 0x0000000712d00000|  0%| F|  |TAMS 0x0000000712c00000, 0x0000000712c00000| Untracked 
| 193|0x0000000712d00000, 0x0000000712d00000, 0x0000000712e00000|  0%| F|  |TAMS 0x0000000712d00000, 0x0000000712d00000| Untracked 
| 194|0x0000000712e00000, 0x0000000712e00000, 0x0000000712f00000|  0%| F|  |TAMS 0x0000000712e00000, 0x0000000712e00000| Untracked 
| 195|0x0000000712f00000, 0x0000000712f00000, 0x0000000713000000|  0%| F|  |TAMS 0x0000000712f00000, 0x0000000712f00000| Untracked 
| 196|0x0000000713000000, 0x0000000713000000, 0x0000000713100000|  0%| F|  |TAMS 0x0000000713000000, 0x0000000713000000| Untracked 
| 197|0x0000000713100000, 0x0000000713100000, 0x0000000713200000|  0%| F|  |TAMS 0x0000000713100000, 0x0000000713100000| Untracked 
| 198|0x0000000713200000, 0x0000000713200000, 0x0000000713300000|  0%| F|  |TAMS 0x0000000713200000, 0x0000000713200000| Untracked 
| 199|0x0000000713300000, 0x0000000713300000, 0x0000000713400000|  0%| F|  |TAMS 0x0000000713300000, 0x0000000713300000| Untracked 
| 200|0x0000000713400000, 0x0000000713400000, 0x0000000713500000|  0%| F|  |TAMS 0x0000000713400000, 0x0000000713400000| Untracked 
| 201|0x0000000713500000, 0x0000000713500000, 0x0000000713600000|  0%| F|  |TAMS 0x0000000713500000, 0x0000000713500000| Untracked 
| 202|0x0000000713600000, 0x0000000713600000, 0x0000000713700000|  0%| F|  |TAMS 0x0000000713600000, 0x0000000713600000| Untracked 
| 203|0x0000000713700000, 0x0000000713700000, 0x0000000713800000|  0%| F|  |TAMS 0x0000000713700000, 0x0000000713700000| Untracked 
| 204|0x0000000713800000, 0x0000000713800000, 0x0000000713900000|  0%| F|  |TAMS 0x0000000713800000, 0x0000000713800000| Untracked 
| 205|0x0000000713900000, 0x0000000713900000, 0x0000000713a00000|  0%| F|  |TAMS 0x0000000713900000, 0x0000000713900000| Untracked 
| 206|0x0000000713a00000, 0x0000000713a00000, 0x0000000713b00000|  0%| F|  |TAMS 0x0000000713a00000, 0x0000000713a00000| Untracked 
| 207|0x0000000713b00000, 0x0000000713b00000, 0x0000000713c00000|  0%| F|  |TAMS 0x0000000713b00000, 0x0000000713b00000| Untracked 
| 208|0x0000000713c00000, 0x0000000713c00000, 0x0000000713d00000|  0%| F|  |TAMS 0x0000000713c00000, 0x0000000713c00000| Untracked 
| 209|0x0000000713d00000, 0x0000000713d00000, 0x0000000713e00000|  0%| F|  |TAMS 0x0000000713d00000, 0x0000000713d00000| Untracked 
| 210|0x0000000713e00000, 0x0000000713e00000, 0x0000000713f00000|  0%| F|  |TAMS 0x0000000713e00000, 0x0000000713e00000| Untracked 
| 211|0x0000000713f00000, 0x0000000713f00000, 0x0000000714000000|  0%| F|  |TAMS 0x0000000713f00000, 0x0000000713f00000| Untracked 
| 212|0x0000000714000000, 0x0000000714080800, 0x0000000714100000| 50%| E|  |TAMS 0x0000000714000000, 0x0000000714000000| Complete 
| 213|0x0000000714100000, 0x0000000714200000, 0x0000000714200000|100%| E|CS|TAMS 0x0000000714100000, 0x0000000714100000| Complete 
| 214|0x0000000714200000, 0x0000000714300000, 0x0000000714300000|100%| E|CS|TAMS 0x0000000714200000, 0x0000000714200000| Complete 
| 215|0x0000000714300000, 0x0000000714400000, 0x0000000714400000|100%| E|CS|TAMS 0x0000000714300000, 0x0000000714300000| Complete 
| 216|0x0000000714400000, 0x0000000714500000, 0x0000000714500000|100%| E|CS|TAMS 0x0000000714400000, 0x0000000714400000| Complete 
| 217|0x0000000714500000, 0x0000000714600000, 0x0000000714600000|100%| E|CS|TAMS 0x0000000714500000, 0x0000000714500000| Complete 
| 218|0x0000000714600000, 0x0000000714700000, 0x0000000714700000|100%| E|CS|TAMS 0x0000000714600000, 0x0000000714600000| Complete 
| 219|0x0000000714700000, 0x0000000714800000, 0x0000000714800000|100%| E|CS|TAMS 0x0000000714700000, 0x0000000714700000| Complete 
| 220|0x0000000714800000, 0x0000000714900000, 0x0000000714900000|100%| E|CS|TAMS 0x0000000714800000, 0x0000000714800000| Complete 
| 221|0x0000000714900000, 0x0000000714a00000, 0x0000000714a00000|100%| E|CS|TAMS 0x0000000714900000, 0x0000000714900000| Complete 
| 222|0x0000000714a00000, 0x0000000714b00000, 0x0000000714b00000|100%| E|CS|TAMS 0x0000000714a00000, 0x0000000714a00000| Complete 
| 223|0x0000000714b00000, 0x0000000714c00000, 0x0000000714c00000|100%| E|CS|TAMS 0x0000000714b00000, 0x0000000714b00000| Complete 
| 224|0x0000000714c00000, 0x0000000714d00000, 0x0000000714d00000|100%| E|CS|TAMS 0x0000000714c00000, 0x0000000714c00000| Complete 
| 225|0x0000000714d00000, 0x0000000714e00000, 0x0000000714e00000|100%| E|CS|TAMS 0x0000000714d00000, 0x0000000714d00000| Complete 
| 226|0x0000000714e00000, 0x0000000714f00000, 0x0000000714f00000|100%| E|CS|TAMS 0x0000000714e00000, 0x0000000714e00000| Complete 
| 227|0x0000000714f00000, 0x0000000715000000, 0x0000000715000000|100%| E|CS|TAMS 0x0000000714f00000, 0x0000000714f00000| Complete 
| 228|0x0000000715000000, 0x0000000715100000, 0x0000000715100000|100%| E|CS|TAMS 0x0000000715000000, 0x0000000715000000| Complete 
| 229|0x0000000715100000, 0x0000000715200000, 0x0000000715200000|100%| E|CS|TAMS 0x0000000715100000, 0x0000000715100000| Complete 
| 230|0x0000000715200000, 0x0000000715300000, 0x0000000715300000|100%| E|CS|TAMS 0x0000000715200000, 0x0000000715200000| Complete 
| 231|0x0000000715300000, 0x0000000715400000, 0x0000000715400000|100%| E|CS|TAMS 0x0000000715300000, 0x0000000715300000| Complete 
| 232|0x0000000715400000, 0x0000000715500000, 0x0000000715500000|100%| E|CS|TAMS 0x0000000715400000, 0x0000000715400000| Complete 
| 233|0x0000000715500000, 0x0000000715600000, 0x0000000715600000|100%| E|CS|TAMS 0x0000000715500000, 0x0000000715500000| Complete 
| 234|0x0000000715600000, 0x0000000715700000, 0x0000000715700000|100%| E|  |TAMS 0x0000000715600000, 0x0000000715600000| Complete 
| 235|0x0000000715700000, 0x0000000715800000, 0x0000000715800000|100%| E|CS|TAMS 0x0000000715700000, 0x0000000715700000| Complete 
| 236|0x0000000715800000, 0x0000000715900000, 0x0000000715900000|100%| E|CS|TAMS 0x0000000715800000, 0x0000000715800000| Complete 
| 237|0x0000000715900000, 0x0000000715a00000, 0x0000000715a00000|100%| E|CS|TAMS 0x0000000715900000, 0x0000000715900000| Complete 
| 238|0x0000000715a00000, 0x0000000715b00000, 0x0000000715b00000|100%| E|CS|TAMS 0x0000000715a00000, 0x0000000715a00000| Complete 
| 239|0x0000000715b00000, 0x0000000715c00000, 0x0000000715c00000|100%| E|CS|TAMS 0x0000000715b00000, 0x0000000715b00000| Complete 
| 240|0x0000000715c00000, 0x0000000715d00000, 0x0000000715d00000|100%| E|CS|TAMS 0x0000000715c00000, 0x0000000715c00000| Complete 
| 241|0x0000000715d00000, 0x0000000715e00000, 0x0000000715e00000|100%| E|CS|TAMS 0x0000000715d00000, 0x0000000715d00000| Complete 
| 242|0x0000000715e00000, 0x0000000715f00000, 0x0000000715f00000|100%| E|CS|TAMS 0x0000000715e00000, 0x0000000715e00000| Complete 
| 243|0x0000000715f00000, 0x0000000716000000, 0x0000000716000000|100%| E|CS|TAMS 0x0000000715f00000, 0x0000000715f00000| Complete 
| 244|0x0000000716000000, 0x0000000716100000, 0x0000000716100000|100%| E|CS|TAMS 0x0000000716000000, 0x0000000716000000| Complete 
| 245|0x0000000716100000, 0x0000000716200000, 0x0000000716200000|100%| E|CS|TAMS 0x0000000716100000, 0x0000000716100000| Complete 
| 246|0x0000000716200000, 0x0000000716300000, 0x0000000716300000|100%| E|CS|TAMS 0x0000000716200000, 0x0000000716200000| Complete 
| 247|0x0000000716300000, 0x0000000716400000, 0x0000000716400000|100%| E|CS|TAMS 0x0000000716300000, 0x0000000716300000| Complete 
| 248|0x0000000716400000, 0x0000000716500000, 0x0000000716500000|100%| E|CS|TAMS 0x0000000716400000, 0x0000000716400000| Complete 
| 249|0x0000000716500000, 0x0000000716600000, 0x0000000716600000|100%| E|CS|TAMS 0x0000000716500000, 0x0000000716500000| Complete 

Card table byte_map: [0x00007fe2a8cdf000,0x00007fe2a94a9000] _byte_map_base: 0x00007fe2a54a9000

Marking Bits (Prev, Next): (CMBitMap*) 0x00007fe2a4087f30, (CMBitMap*) 0x00007fe2a4087ef8
 Prev Bits: [0x00007fe280360000, 0x00007fe2841b0000)
 Next Bits: [0x00007fe2841b0000, 0x00007fe288000000)

Polling page: 0x00007fe2acbca000

Metaspace:

Usage:
  Non-class:     25,20 MB capacity,    24,70 MB ( 98%) used,   409,42 KB (  2%) free+waste,   102,06 KB ( <1%) overhead. 
      Class:      3,57 MB capacity,     3,23 MB ( 90%) used,   298,08 KB (  8%) free+waste,    50,62 KB (  1%) overhead. 
       Both:     28,77 MB capacity,    27,93 MB ( 97%) used,   707,50 KB (  2%) free+waste,   152,69 KB ( <1%) overhead. 

Virtual space:
  Non-class space:       26,00 MB reserved,      25,25 MB ( 97%) committed 
      Class space:        1,00 GB reserved,       3,62 MB ( <1%) committed 
             Both:        1,03 GB reserved,      28,87 MB (  3%) committed 

Chunk freelists:
   Non-Class:  5,12 KB
       Class:  0 bytes
        Both:  5,12 KB

CodeHeap 'non-profiled nmethods': size=120032Kb used=905Kb max_used=905Kb free=119126Kb
 bounds [0x00007fe2945a6000, 0x00007fe294816000, 0x00007fe29bade000]
CodeHeap 'profiled nmethods': size=120028Kb used=4579Kb max_used=4579Kb free=115448Kb
 bounds [0x00007fe28d06f000, 0x00007fe28d4ef000, 0x00007fe2945a6000]
CodeHeap 'non-nmethods': size=5700Kb used=1103Kb max_used=1152Kb free=4597Kb
 bounds [0x00007fe28cade000, 0x00007fe28cd4e000, 0x00007fe28d06f000]
 total_blobs=2730 nmethods=2292 adapters=351
 compilation: enabled
              stopped_count=0, restarted_count=0
 full_count=0

Compilation events (10 events):
Event: 1,942 Thread 0x00007fe2a428b000 nmethod 2196 0x00007fe28d4aec10 code [0x00007fe28d4af260, 0x00007fe28d4b2c10]
Event: 1,942 Thread 0x00007fe2a428b000 2199       1       org.springframework.core.type.classreading.SimpleAnnotationMetadata::getClassName (5 bytes)
Event: 1,942 Thread 0x00007fe2a428b000 nmethod 2199 0x00007fe294674710 code [0x00007fe2946748a0, 0x00007fe294674950]
Event: 1,942 Thread 0x00007fe2a428b000 2197       3       org.springframework.core.annotation.AnnotationTypeMappings$$Lambda$291/0x00000008001a9c40::get$Lambda (9 bytes)
Event: 1,943 Thread 0x00007fe2a4289000 nmethod 2183 0x00007fe294674a10 code [0x00007fe294674ba0, 0x00007fe294674f98]
Event: 1,943 Thread 0x00007fe2a4289000 2200       4       jdk.internal.loader.URLClassPath$JarLoader::findResource (18 bytes)
Event: 1,943 Thread 0x00007fe2a428b000 nmethod 2197 0x00007fe28d4b4590 code [0x00007fe28d4b4740, 0x00007fe28d4b4990]
Event: 1,943 Thread 0x00007fe2a428b000 2198       3       org.springframework.core.annotation.AnnotationTypeMappings$$Lambda$291/0x00000008001a9c40::<init> (10 bytes)
Event: 1,943 Thread 0x00007fe2a428b000 nmethod 2198 0x00007fe28d4b4a90 code [0x00007fe28d4b4c40, 0x00007fe28d4b4df0]
Event: 1,943 Thread 0x00007fe2a428b000 2202       3       java.util.LinkedHashMap::<init> (10 bytes)

GC Heap History (6 events):
Event: 0,634 GC heap before
{Heap before GC invocations=0 (full 0):
 garbage-first heap   total 256000K, used 24576K [0x0000000706c00000, 0x0000000800000000)
  region size 1024K, 24 young (24576K), 0 survivors (0K)
 Metaspace       used 11853K, capacity 12276K, committed 12416K, reserved 1060864K
  class space    used 1199K, capacity 1340K, committed 1408K, reserved 1048576K
}
Event: 0,639 GC heap after
{Heap after GC invocations=1 (full 0):
 garbage-first heap   total 256000K, used 6688K [0x0000000706c00000, 0x0000000800000000)
  region size 1024K, 3 young (3072K), 3 survivors (3072K)
 Metaspace       used 11853K, capacity 12276K, committed 12416K, reserved 1060864K
  class space    used 1199K, capacity 1340K, committed 1408K, reserved 1048576K
}
Event: 1,433 GC heap before
{Heap before GC invocations=1 (full 0):
 garbage-first heap   total 256000K, used 55840K [0x0000000706c00000, 0x0000000800000000)
  region size 1024K, 52 young (53248K), 3 survivors (3072K)
 Metaspace       used 20472K, capacity 21135K, committed 21248K, reserved 1069056K
  class space    used 2272K, capacity 2536K, committed 2560K, reserved 1048576K
}
Event: 1,440 GC heap after
{Heap after GC invocations=2 (full 0):
 garbage-first heap   total 256000K, used 9262K [0x0000000706c00000, 0x0000000800000000)
  region size 1024K, 6 young (6144K), 6 survivors (6144K)
 Metaspace       used 20472K, capacity 21135K, committed 21248K, reserved 1069056K
  class space    used 2272K, capacity 2536K, committed 2560K, reserved 1048576K
}
Event: 1,807 GC heap before
{Heap before GC invocations=3 (full 0):
 garbage-first heap   total 256000K, used 62510K [0x0000000706c00000, 0x0000000800000000)
  region size 1024K, 59 young (60416K), 6 survivors (6144K)
 Metaspace       used 26703K, capacity 27584K, committed 27772K, reserved 1073152K
  class space    used 3058K, capacity 3409K, committed 3452K, reserved 1048576K
}
Event: 1,816 GC heap after
{Heap after GC invocations=4 (full 0):
 garbage-first heap   total 256000K, used 10731K [0x0000000706c00000, 0x0000000800000000)
  region size 1024K, 4 young (4096K), 4 survivors (4096K)
 Metaspace       used 26703K, capacity 27584K, committed 27772K, reserved 1073152K
  class space    used 3058K, capacity 3409K, committed 3452K, reserved 1048576K
}

Deoptimization events (10 events):
Event: 1,610 Thread 0x00007fe2a4024800 Uncommon trap: reason=unstable_if action=reinterpret pc=0x00007fe2945e0794 method=java.util.HashMap.hash(Ljava/lang/Object;)I @ 1 c2
Event: 1,639 Thread 0x00007fe2a4024800 Uncommon trap: reason=class_check action=maybe_recompile pc=0x00007fe294608204 method=java.util.HashMap.putVal(ILjava/lang/Object;Ljava/lang/Object;ZZ)Ljava/lang/Object; @ 203 c2
Event: 1,720 Thread 0x00007fe2a4024800 Uncommon trap: reason=unstable_if action=reinterpret pc=0x00007fe2945f6b9c method=java.util.concurrent.ConcurrentHashMap.get(Ljava/lang/Object;)Ljava/lang/Object; @ 76 c2
Event: 1,766 Thread 0x00007fe2a4024800 Uncommon trap: reason=bimorphic_or_optimized_type_check action=maybe_recompile pc=0x00007fe2945deec4 method=java.util.HashMap.getNode(ILjava/lang/Object;)Ljava/util/HashMap$Node; @ 126 c2
Event: 1,788 Thread 0x00007fe2a5033800 Uncommon trap: reason=unstable_if action=reinterpret pc=0x00007fe294658e40 method=java.nio.Buffer.limit(I)Ljava/nio/Buffer; @ 42 c2
Event: 1,871 Thread 0x00007fe2a4024800 Uncommon trap: reason=bimorphic_or_optimized_type_check action=maybe_recompile pc=0x00007fe2945deec4 method=java.util.HashMap.getNode(ILjava/lang/Object;)Ljava/util/HashMap$Node; @ 126 c2
Event: 1,883 Thread 0x00007fe2a4024800 Uncommon trap: reason=bimorphic_or_optimized_type_check action=maybe_recompile pc=0x00007fe2945deec4 method=java.util.HashMap.getNode(ILjava/lang/Object;)Ljava/util/HashMap$Node; @ 126 c2
Event: 1,904 Thread 0x00007fe2a4024800 Uncommon trap: reason=class_check action=maybe_recompile pc=0x00007fe294608204 method=java.util.HashMap.putVal(ILjava/lang/Object;Ljava/lang/Object;ZZ)Ljava/lang/Object; @ 203 c2
Event: 1,931 Thread 0x00007fe2a4024800 Uncommon trap: reason=class_check action=maybe_recompile pc=0x00007fe294608204 method=java.util.HashMap.putVal(ILjava/lang/Object;Ljava/lang/Object;ZZ)Ljava/lang/Object; @ 203 c2
Event: 1,936 Thread 0x00007fe2a4024800 Uncommon trap: reason=class_check action=maybe_recompile pc=0x00007fe294608204 method=java.util.HashMap.putVal(ILjava/lang/Object;Ljava/lang/Object;ZZ)Ljava/lang/Object; @ 203 c2

Classes redefined (0 events):
No events

Internal exceptions (10 events):
Event: 1,729 Thread 0x00007fe2a4024800 Exception <a 'java/lang/ClassNotFoundException'{0x0000000714ba2ee0}: org/springframework/beans/factory/AwareCustomizer> (0x0000000714ba2ee0) thrown at [./open/src/hotspot/share/classfile/systemDictionary.cpp, line 228]
Event: 1,729 Thread 0x00007fe2a4024800 Exception <a 'java/lang/ClassNotFoundException'{0x0000000714bb2db8}: org/springframework/context/EnvironmentAwareCustomizer> (0x0000000714bb2db8) thrown at [./open/src/hotspot/share/classfile/systemDictionary.cpp, line 228]
Event: 1,730 Thread 0x00007fe2a4024800 Exception <a 'java/lang/ClassNotFoundException'{0x0000000714bc2f10}: org/springframework/beans/factory/AwareCustomizer> (0x0000000714bc2f10) thrown at [./open/src/hotspot/share/classfile/systemDictionary.cpp, line 228]
Event: 1,869 Thread 0x00007fe2a4024800 Exception <a 'java/lang/IncompatibleClassChangeError'{0x0000000714b768c0}: Found class java.lang.Object, but interface was expected> (0x0000000714b768c0) thrown at [./open/src/hotspot/share/interpreter/linkResolver.cpp, line 838]
Event: 1,894 Thread 0x00007fe2a4f2f800 Exception <a 'java/lang/NoSuchMethodError'{0x00000007149dde00}: java.lang.invoke.DirectMethodHandle$Holder.invokeSpecial(Ljava/lang/Object;Ljava/lang/Object;)J> (0x00000007149dde00) thrown at [./open/src/hotspot/share/interpreter/linkResolver.cpp, line 77
Event: 1,896 Thread 0x00007fe2a4f2f800 Exception <a 'java/lang/NoSuchMethodError'{0x00000007149e81b0}: java.lang.invoke.DirectMethodHandle$Holder.invokeStatic(Ljava/lang/Object;Ljava/lang/Object;)J> (0x00000007149e81b0) thrown at [./open/src/hotspot/share/interpreter/linkResolver.cpp, line 772
Event: 1,897 Thread 0x00007fe2a4f2f800 Exception <a 'java/lang/NoSuchMethodError'{0x00000007149eafd8}: java.lang.invoke.DirectMethodHandle$Holder.invokeStaticInit(Ljava/lang/Object;Ljava/lang/Object;)J> (0x00000007149eafd8) thrown at [./open/src/hotspot/share/interpreter/linkResolver.cpp, line
Event: 1,899 Thread 0x00007fe2a4f2f800 Exception <a 'java/lang/NoSuchMethodError'{0x0000000714889158}: java.lang.invoke.DirectMethodHandle$Holder.invokeInterface(Ljava/lang/Object;Ljava/lang/Object;)J> (0x0000000714889158) thrown at [./open/src/hotspot/share/interpreter/linkResolver.cpp, line 
Event: 1,899 Thread 0x00007fe2a4f2f800 Exception <a 'java/lang/IncompatibleClassChangeError'{0x000000071488bef0}: Found class java.lang.Object, but interface was expected> (0x000000071488bef0) thrown at [./open/src/hotspot/share/interpreter/linkResolver.cpp, line 838]
Event: 1,909 Thread 0x00007fe2a4f2f800 Exception <a 'java/lang/NoSuchMethodError'{0x00000007147c9be0}: java.lang.invoke.DirectMethodHandle$Holder.invokeVirtual(Ljava/lang/Object;Ljava/lang/Object;Ljava/lang/Object;Ljava/lang/Object;)Ljava/lang/Object;> (0x00000007147c9be0) thrown at [./open/sr

Events (10 events):
Event: 1,931 Thread 0x00007fe2a4024800 Uncommon trap: trap_request=0xffffffde fr.pc=0x00007fe294608204 relative=0x0000000000000784
Event: 1,931 Thread 0x00007fe2a4024800 DEOPT PACKING pc=0x00007fe294608204 sp=0x00007fe2ab10f8e0
Event: 1,931 Thread 0x00007fe2a4024800 DEOPT UNPACKING pc=0x00007fe28cb0331f sp=0x00007fe2ab10f860 mode 2
Event: 1,936 Thread 0x00007fe2a4024800 Uncommon trap: trap_request=0xffffffde fr.pc=0x00007fe294608204 relative=0x0000000000000784
Event: 1,936 Thread 0x00007fe2a4024800 DEOPT PACKING pc=0x00007fe294608204 sp=0x00007fe2ab110570
Event: 1,936 Thread 0x00007fe2a4024800 DEOPT UNPACKING pc=0x00007fe28cb0331f sp=0x00007fe2ab1104f0 mode 2
Event: 1,940 loading class org/springframework/boot/autoconfigure/web/servlet/ServletWebServerFactoryAutoConfiguration$BeanPostProcessorsRegistrar
Event: 1,940 loading class org/springframework/boot/autoconfigure/web/servlet/ServletWebServerFactoryAutoConfiguration$BeanPostProcessorsRegistrar done
Event: 1,941 loading class org/apache/coyote/UpgradeProtocol
Event: 1,941 loading class org/apache/coyote/UpgradeProtocol done


Dynamic libraries:
706c00000-716600000 rw-p 00000000 00:00 0 
716600000-800000000 ---p 00000000 00:00 0 
800000000-80039f000 rw-p 00000000 00:00 0 
80039f000-840000000 ---p 00000000 00:00 0 
55d6435b6000-55d6435b7000 r-xp 00000000 08:01 6950101                    /home/arnaldo/tools/jdk-11.0.11/bin/java
55d6437b7000-55d6437b8000 r--p 00001000 08:01 6950101                    /home/arnaldo/tools/jdk-11.0.11/bin/java
55d6437b8000-55d6437b9000 rw-p 00002000 08:01 6950101                    /home/arnaldo/tools/jdk-11.0.11/bin/java
55d645350000-55d645371000 rw-p 00000000 00:00 0                          [heap]
7fe20c000000-7fe20c22c000 rw-p 00000000 00:00 0 
7fe20c22c000-7fe210000000 ---p 00000000 00:00 0 
7fe210000000-7fe210059000 rw-p 00000000 00:00 0 
7fe210059000-7fe214000000 ---p 00000000 00:00 0 
7fe214000000-7fe214021000 rw-p 00000000 00:00 0 
7fe214021000-7fe218000000 ---p 00000000 00:00 0 
7fe218000000-7fe218021000 rw-p 00000000 00:00 0 
7fe218021000-7fe21c000000 ---p 00000000 00:00 0 
7fe21c000000-7fe21c021000 rw-p 00000000 00:00 0 
7fe21c021000-7fe220000000 ---p 00000000 00:00 0 
7fe220000000-7fe220021000 rw-p 00000000 00:00 0 
7fe220021000-7fe224000000 ---p 00000000 00:00 0 
7fe224000000-7fe224021000 rw-p 00000000 00:00 0 
7fe224021000-7fe228000000 ---p 00000000 00:00 0 
7fe228000000-7fe228021000 rw-p 00000000 00:00 0 
7fe228021000-7fe22c000000 ---p 00000000 00:00 0 
7fe22c000000-7fe22cb4a000 rw-p 00000000 00:00 0 
7fe22cb4a000-7fe230000000 ---p 00000000 00:00 0 
7fe230000000-7fe2308fa000 rw-p 00000000 00:00 0 
7fe2308fa000-7fe234000000 ---p 00000000 00:00 0 
7fe23638e000-7fe236732000 rw-p 00000000 00:00 0 
7fe236732000-7fe2367f6000 ---p 00000000 00:00 0 
7fe2367f6000-7fe236af3000 rw-p 00000000 00:00 0 
7fe236af3000-7fe236cf3000 rw-p 00000000 00:00 0 
7fe236cf3000-7fe236cf7000 ---p 00000000 00:00 0 
7fe236cf7000-7fe236df4000 rw-p 00000000 00:00 0 
7fe236df4000-7fe236df5000 ---p 00000000 00:00 0 
7fe236df5000-7fe2370f6000 rw-p 00000000 00:00 0 
7fe2370f6000-7fe2372f6000 rw-p 00000000 00:00 0 
7fe2372f6000-7fe2374f6000 rw-p 00000000 00:00 0 
7fe2374f6000-7fe2376f6000 rw-p 00000000 00:00 0 
7fe2376f6000-7fe2376f7000 ---p 00000000 00:00 0 
7fe2376f7000-7fe2377f8000 rw-p 00000000 00:00 0 
7fe2377f8000-7fe2377f9000 ---p 00000000 00:00 0 
7fe2377f9000-7fe2378fa000 rw-p 00000000 00:00 0 
7fe2378fa000-7fe2378fb000 ---p 00000000 00:00 0 
7fe2378fb000-7fe2379fc000 rw-p 00000000 00:00 0 
7fe2379fc000-7fe2379fd000 ---p 00000000 00:00 0 
7fe2379fd000-7fe237afe000 rw-p 00000000 00:00 0 
7fe237afe000-7fe237aff000 ---p 00000000 00:00 0 
7fe237aff000-7fe237e00000 rw-p 00000000 00:00 0 
7fe237e00000-7fe238000000 rw-p 00000000 00:00 0 
7fe238000000-7fe23804c000 rw-p 00000000 00:00 0 
7fe23804c000-7fe23c000000 ---p 00000000 00:00 0 
7fe23c000000-7fe23c021000 rw-p 00000000 00:00 0 
7fe23c021000-7fe240000000 ---p 00000000 00:00 0 
7fe240000000-7fe240021000 rw-p 00000000 00:00 0 
7fe240021000-7fe244000000 ---p 00000000 00:00 0 
7fe244000000-7fe244021000 rw-p 00000000 00:00 0 
7fe244021000-7fe248000000 ---p 00000000 00:00 0 
7fe248000000-7fe248021000 rw-p 00000000 00:00 0 
7fe248021000-7fe24c000000 ---p 00000000 00:00 0 
7fe24c000000-7fe24c021000 rw-p 00000000 00:00 0 
7fe24c021000-7fe250000000 ---p 00000000 00:00 0 
7fe250000000-7fe2505a3000 rw-p 00000000 00:00 0 
7fe2505a3000-7fe254000000 ---p 00000000 00:00 0 
7fe254000000-7fe254021000 rw-p 00000000 00:00 0 
7fe254021000-7fe258000000 ---p 00000000 00:00 0 
7fe258000000-7fe258021000 rw-p 00000000 00:00 0 
7fe258021000-7fe25c000000 ---p 00000000 00:00 0 
7fe25c000000-7fe25c984000 rw-p 00000000 00:00 0 
7fe25c984000-7fe260000000 ---p 00000000 00:00 0 
7fe260000000-7fe260021000 rw-p 00000000 00:00 0 
7fe260021000-7fe264000000 ---p 00000000 00:00 0 
7fe264000000-7fe264021000 rw-p 00000000 00:00 0 
7fe264021000-7fe268000000 ---p 00000000 00:00 0 
7fe268000000-7fe268021000 rw-p 00000000 00:00 0 
7fe268021000-7fe26c000000 ---p 00000000 00:00 0 
7fe26c000000-7fe26c058000 rw-p 00000000 00:00 0 
7fe26c058000-7fe270000000 ---p 00000000 00:00 0 
7fe270000000-7fe270021000 rw-p 00000000 00:00 0 
7fe270021000-7fe274000000 ---p 00000000 00:00 0 
7fe274000000-7fe274021000 rw-p 00000000 00:00 0 
7fe274021000-7fe278000000 ---p 00000000 00:00 0 
7fe27804d000-7fe278051000 ---p 00000000 00:00 0 
7fe278051000-7fe27814e000 rw-p 00000000 00:00 0 
7fe27814e000-7fe278152000 ---p 00000000 00:00 0 
7fe278152000-7fe27824f000 rw-p 00000000 00:00 0 
7fe27824f000-7fe278253000 ---p 00000000 00:00 0 
7fe278253000-7fe278350000 rw-p 00000000 00:00 0 
7fe278350000-7fe278355000 r-xp 00000000 08:01 7340953                    /home/arnaldo/tools/jdk-11.0.11/lib/libmanagement_ext.so
7fe278355000-7fe278555000 ---p 00005000 08:01 7340953                    /home/arnaldo/tools/jdk-11.0.11/lib/libmanagement_ext.so
7fe278555000-7fe278556000 r--p 00005000 08:01 7340953                    /home/arnaldo/tools/jdk-11.0.11/lib/libmanagement_ext.so
7fe278556000-7fe278557000 rw-p 00006000 08:01 7340953                    /home/arnaldo/tools/jdk-11.0.11/lib/libmanagement_ext.so
7fe278557000-7fe27855b000 r-xp 00000000 08:01 7340951                    /home/arnaldo/tools/jdk-11.0.11/lib/libmanagement.so
7fe27855b000-7fe27875b000 ---p 00004000 08:01 7340951                    /home/arnaldo/tools/jdk-11.0.11/lib/libmanagement.so
7fe27875b000-7fe27875c000 r--p 00004000 08:01 7340951                    /home/arnaldo/tools/jdk-11.0.11/lib/libmanagement.so
7fe27875c000-7fe27875d000 rw-p 00005000 08:01 7340951                    /home/arnaldo/tools/jdk-11.0.11/lib/libmanagement.so
7fe27875d000-7fe278761000 ---p 00000000 00:00 0 
7fe278761000-7fe27885e000 rw-p 00000000 00:00 0 
7fe27885e000-7fe278875000 r-xp 00000000 08:01 7340955                    /home/arnaldo/tools/jdk-11.0.11/lib/libnet.so
7fe278875000-7fe278a74000 ---p 00017000 08:01 7340955                    /home/arnaldo/tools/jdk-11.0.11/lib/libnet.so
7fe278a74000-7fe278a75000 r--p 00016000 08:01 7340955                    /home/arnaldo/tools/jdk-11.0.11/lib/libnet.so
7fe278a75000-7fe278a76000 rw-p 00017000 08:01 7340955                    /home/arnaldo/tools/jdk-11.0.11/lib/libnet.so
7fe278a76000-7fe278a86000 r-xp 00000000 08:01 7340956                    /home/arnaldo/tools/jdk-11.0.11/lib/libnio.so
7fe278a86000-7fe278c86000 ---p 00010000 08:01 7340956                    /home/arnaldo/tools/jdk-11.0.11/lib/libnio.so
7fe278c86000-7fe278c87000 r--p 00010000 08:01 7340956                    /home/arnaldo/tools/jdk-11.0.11/lib/libnio.so
7fe278c87000-7fe278c88000 rw-p 00011000 08:01 7340956                    /home/arnaldo/tools/jdk-11.0.11/lib/libnio.so
7fe278c88000-7fe278c8c000 ---p 00000000 00:00 0 
7fe278c8c000-7fe278d89000 rw-p 00000000 00:00 0 
7fe278d89000-7fe278d8a000 ---p 00000000 00:00 0 
7fe278d8a000-7fe278e8b000 rw-p 00000000 00:00 0 
7fe278e8b000-7fe278e8f000 ---p 00000000 00:00 0 
7fe278e8f000-7fe278f8c000 rw-p 00000000 00:00 0 
7fe278f8c000-7fe278f90000 ---p 00000000 00:00 0 
7fe278f90000-7fe27908d000 rw-p 00000000 00:00 0 
7fe27908d000-7fe279091000 ---p 00000000 00:00 0 
7fe279091000-7fe27918e000 rw-p 00000000 00:00 0 
7fe27918e000-7fe279192000 ---p 00000000 00:00 0 
7fe279192000-7fe27928f000 rw-p 00000000 00:00 0 
7fe27928f000-7fe279800000 r--p 00000000 08:01 401719                     /usr/lib/locale/locale-archive
7fe279800000-7fe27c000000 rw-p 00000000 00:00 0 
7fe27c000000-7fe27c021000 rw-p 00000000 00:00 0 
7fe27c021000-7fe280000000 ---p 00000000 00:00 0 
7fe28005d000-7fe280061000 ---p 00000000 00:00 0 
7fe280061000-7fe28015e000 rw-p 00000000 00:00 0 
7fe28015e000-7fe280162000 ---p 00000000 00:00 0 
7fe280162000-7fe28025f000 rw-p 00000000 00:00 0 
7fe28025f000-7fe280263000 ---p 00000000 00:00 0 
7fe280263000-7fe280748000 rw-p 00000000 00:00 0 
7fe280748000-7fe2841b0000 ---p 00000000 00:00 0 
7fe2841b0000-7fe284598000 rw-p 00000000 00:00 0 
7fe284598000-7fe288000000 ---p 00000000 00:00 0 
7fe288000000-7fe288021000 rw-p 00000000 00:00 0 
7fe288021000-7fe28c000000 ---p 00000000 00:00 0 
7fe28c0d4000-7fe28c0d8000 ---p 00000000 00:00 0 
7fe28c0d8000-7fe28c0f6000 rw-p 00000000 00:00 0 
7fe28c0f6000-7fe28c0f7000 ---p 00000000 00:00 0 
7fe28c0f7000-7fe28c2d4000 rw-p 00000000 00:00 0 
7fe28c2d4000-7fe28c2d5000 ---p 00000000 00:00 0 
7fe28c2d5000-7fe28c3d6000 rw-p 00000000 00:00 0 
7fe28c3d6000-7fe28c3d7000 ---p 00000000 00:00 0 
7fe28c3d7000-7fe28cade000 rw-p 00000000 00:00 0 
7fe28cade000-7fe28cd4e000 rwxp 00000000 00:00 0 
7fe28cd4e000-7fe28d06f000 ---p 00000000 00:00 0 
7fe28d06f000-7fe28d4ef000 rwxp 00000000 00:00 0 
7fe28d4ef000-7fe2945a6000 ---p 00000000 00:00 0 
7fe2945a6000-7fe294816000 rwxp 00000000 00:00 0 
7fe294816000-7fe29bade000 ---p 00000000 00:00 0 
7fe29bade000-7fe2a4000000 r--s 00000000 08:01 7340966                    /home/arnaldo/tools/jdk-11.0.11/lib/modules
7fe2a4000000-7fe2a51a2000 rw-p 00000000 00:00 0 
7fe2a51a2000-7fe2a8000000 ---p 00000000 00:00 0 
7fe2a800d000-7fe2a820f000 rw-p 00000000 00:00 0 
7fe2a820f000-7fe2a8210000 ---p 00000000 00:00 0 
7fe2a8210000-7fe2a8311000 rw-p 00000000 00:00 0 
7fe2a8311000-7fe2a8312000 ---p 00000000 00:00 0 
7fe2a8312000-7fe2a8592000 rw-p 00000000 00:00 0 
7fe2a8592000-7fe2a8cdf000 ---p 00000000 00:00 0 
7fe2a8cdf000-7fe2a8d5c000 rw-p 00000000 00:00 0 
7fe2a8d5c000-7fe2a94a9000 ---p 00000000 00:00 0 
7fe2a94a9000-7fe2a9526000 rw-p 00000000 00:00 0 
7fe2a9526000-7fe2a9c73000 ---p 00000000 00:00 0 
7fe2a9c73000-7fe2aa47b000 rw-p 00000000 00:00 0 
7fe2aa47b000-7fe2aa47c000 ---p 00000000 00:00 0 
7fe2aa47c000-7fe2aa582000 rw-p 00000000 00:00 0 
7fe2aa582000-7fe2aa668000 ---p 00000000 00:00 0 
7fe2aa668000-7fe2aa671000 rw-p 00000000 00:00 0 
7fe2aa671000-7fe2aa753000 ---p 00000000 00:00 0 
7fe2aa753000-7fe2aa75a000 r-xp 00000000 08:01 7340965                    /home/arnaldo/tools/jdk-11.0.11/lib/libzip.so
7fe2aa75a000-7fe2aa959000 ---p 00007000 08:01 7340965                    /home/arnaldo/tools/jdk-11.0.11/lib/libzip.so
7fe2aa959000-7fe2aa95a000 r--p 00006000 08:01 7340965                    /home/arnaldo/tools/jdk-11.0.11/lib/libzip.so
7fe2aa95a000-7fe2aa95b000 rw-p 00007000 08:01 7340965                    /home/arnaldo/tools/jdk-11.0.11/lib/libzip.so
7fe2aa95b000-7fe2aa95e000 r--p 00000000 08:01 2359500                    /lib/x86_64-linux-gnu/libnss_files-2.31.so
7fe2aa95e000-7fe2aa965000 r-xp 00003000 08:01 2359500                    /lib/x86_64-linux-gnu/libnss_files-2.31.so
7fe2aa965000-7fe2aa967000 r--p 0000a000 08:01 2359500                    /lib/x86_64-linux-gnu/libnss_files-2.31.so
7fe2aa967000-7fe2aa968000 r--p 0000b000 08:01 2359500                    /lib/x86_64-linux-gnu/libnss_files-2.31.so
7fe2aa968000-7fe2aa969000 rw-p 0000c000 08:01 2359500                    /lib/x86_64-linux-gnu/libnss_files-2.31.so
7fe2aa969000-7fe2aa96f000 rw-p 00000000 00:00 0 
7fe2aa96f000-7fe2aa974000 r--p 00000000 08:01 2359497                    /lib/x86_64-linux-gnu/libnsl-2.31.so
7fe2aa974000-7fe2aa984000 r-xp 00005000 08:01 2359497                    /lib/x86_64-linux-gnu/libnsl-2.31.so
7fe2aa984000-7fe2aa988000 r--p 00015000 08:01 2359497                    /lib/x86_64-linux-gnu/libnsl-2.31.so
7fe2aa988000-7fe2aa989000 r--p 00018000 08:01 2359497                    /lib/x86_64-linux-gnu/libnsl-2.31.so
7fe2aa989000-7fe2aa98a000 rw-p 00019000 08:01 2359497                    /lib/x86_64-linux-gnu/libnsl-2.31.so
7fe2aa98a000-7fe2aa98c000 rw-p 00000000 00:00 0 
7fe2aa98c000-7fe2aa98f000 r--p 00000000 08:01 2359502                    /lib/x86_64-linux-gnu/libnss_nis-2.31.so
7fe2aa98f000-7fe2aa997000 r-xp 00003000 08:01 2359502                    /lib/x86_64-linux-gnu/libnss_nis-2.31.so
7fe2aa997000-7fe2aa999000 r--p 0000b000 08:01 2359502                    /lib/x86_64-linux-gnu/libnss_nis-2.31.so
7fe2aa999000-7fe2aa99a000 r--p 0000c000 08:01 2359502                    /lib/x86_64-linux-gnu/libnss_nis-2.31.so
7fe2aa99a000-7fe2aa99b000 rw-p 0000d000 08:01 2359502                    /lib/x86_64-linux-gnu/libnss_nis-2.31.so
7fe2aa9a5000-7fe2aa9aa000 rw-p 00000000 00:00 0 
7fe2aa9aa000-7fe2aa9b1000 ---p 00000000 00:00 0 
7fe2aa9b1000-7fe2aa9cc000 r-xp 00000000 08:01 7340947                    /home/arnaldo/tools/jdk-11.0.11/lib/libjimage.so
7fe2aa9cc000-7fe2aabcb000 ---p 0001b000 08:01 7340947                    /home/arnaldo/tools/jdk-11.0.11/lib/libjimage.so
7fe2aabcb000-7fe2aabcd000 r--p 0001a000 08:01 7340947                    /home/arnaldo/tools/jdk-11.0.11/lib/libjimage.so
7fe2aabcd000-7fe2aabce000 rw-p 0001c000 08:01 7340947                    /home/arnaldo/tools/jdk-11.0.11/lib/libjimage.so
7fe2aabce000-7fe2aabf8000 r-xp 00000000 08:01 7340943                    /home/arnaldo/tools/jdk-11.0.11/lib/libjava.so
7fe2aabf8000-7fe2aadf7000 ---p 0002a000 08:01 7340943                    /home/arnaldo/tools/jdk-11.0.11/lib/libjava.so
7fe2aadf7000-7fe2aadf8000 r--p 00029000 08:01 7340943                    /home/arnaldo/tools/jdk-11.0.11/lib/libjava.so
7fe2aadf8000-7fe2aadf9000 rw-p 0002a000 08:01 7340943                    /home/arnaldo/tools/jdk-11.0.11/lib/libjava.so
7fe2aadf9000-7fe2aadfa000 rw-p 00000000 00:00 0 
7fe2aadfa000-7fe2aae07000 r-xp 00000000 08:01 7340964                    /home/arnaldo/tools/jdk-11.0.11/lib/libverify.so
7fe2aae07000-7fe2ab006000 ---p 0000d000 08:01 7340964                    /home/arnaldo/tools/jdk-11.0.11/lib/libverify.so
7fe2ab006000-7fe2ab008000 r--p 0000c000 08:01 7340964                    /home/arnaldo/tools/jdk-11.0.11/lib/libverify.so
7fe2ab008000-7fe2ab009000 rw-p 0000e000 08:01 7340964                    /home/arnaldo/tools/jdk-11.0.11/lib/libverify.so
7fe2ab009000-7fe2ab00c000 r--p 00000000 08:01 2359507                    /lib/x86_64-linux-gnu/librt-2.31.so
7fe2ab00c000-7fe2ab010000 r-xp 00003000 08:01 2359507                    /lib/x86_64-linux-gnu/librt-2.31.so
7fe2ab010000-7fe2ab011000 r--p 00007000 08:01 2359507                    /lib/x86_64-linux-gnu/librt-2.31.so
7fe2ab011000-7fe2ab012000 ---p 00008000 08:01 2359507                    /lib/x86_64-linux-gnu/librt-2.31.so
7fe2ab012000-7fe2ab013000 r--p 00008000 08:01 2359507                    /lib/x86_64-linux-gnu/librt-2.31.so
7fe2ab013000-7fe2ab014000 rw-p 00009000 08:01 2359507                    /lib/x86_64-linux-gnu/librt-2.31.so
7fe2ab014000-7fe2ab018000 ---p 00000000 00:00 0 
7fe2ab018000-7fe2ab115000 rw-p 00000000 00:00 0 
7fe2ab115000-7fe2ab124000 r--p 00000000 08:01 2359494                    /lib/x86_64-linux-gnu/libm-2.31.so
7fe2ab124000-7fe2ab1cb000 r-xp 0000f000 08:01 2359494                    /lib/x86_64-linux-gnu/libm-2.31.so
7fe2ab1cb000-7fe2ab262000 r--p 000b6000 08:01 2359494                    /lib/x86_64-linux-gnu/libm-2.31.so
7fe2ab262000-7fe2ab263000 r--p 0014c000 08:01 2359494                    /lib/x86_64-linux-gnu/libm-2.31.so
7fe2ab263000-7fe2ab264000 rw-p 0014d000 08:01 2359494                    /lib/x86_64-linux-gnu/libm-2.31.so
7fe2ab264000-7fe2ac41a000 r-xp 00000000 08:01 7340977                    /home/arnaldo/tools/jdk-11.0.11/lib/server/libjvm.so
7fe2ac41a000-7fe2ac61a000 ---p 011b6000 08:01 7340977                    /home/arnaldo/tools/jdk-11.0.11/lib/server/libjvm.so
7fe2ac61a000-7fe2ac6d9000 r--p 011b6000 08:01 7340977                    /home/arnaldo/tools/jdk-11.0.11/lib/server/libjvm.so
7fe2ac6d9000-7fe2ac713000 rw-p 01275000 08:01 7340977                    /home/arnaldo/tools/jdk-11.0.11/lib/server/libjvm.so
7fe2ac713000-7fe2ac76c000 rw-p 00000000 00:00 0 
7fe2ac76c000-7fe2ac791000 r--p 00000000 08:01 2359492                    /lib/x86_64-linux-gnu/libc-2.31.so
7fe2ac791000-7fe2ac909000 r-xp 00025000 08:01 2359492                    /lib/x86_64-linux-gnu/libc-2.31.so
7fe2ac909000-7fe2ac953000 r--p 0019d000 08:01 2359492                    /lib/x86_64-linux-gnu/libc-2.31.so
7fe2ac953000-7fe2ac954000 ---p 001e7000 08:01 2359492                    /lib/x86_64-linux-gnu/libc-2.31.so
7fe2ac954000-7fe2ac957000 r--p 001e7000 08:01 2359492                    /lib/x86_64-linux-gnu/libc-2.31.so
7fe2ac957000-7fe2ac95a000 rw-p 001ea000 08:01 2359492                    /lib/x86_64-linux-gnu/libc-2.31.so
7fe2ac95a000-7fe2ac95e000 rw-p 00000000 00:00 0 
7fe2ac95e000-7fe2ac95f000 r--p 00000000 08:01 2359493                    /lib/x86_64-linux-gnu/libdl-2.31.so
7fe2ac95f000-7fe2ac961000 r-xp 00001000 08:01 2359493                    /lib/x86_64-linux-gnu/libdl-2.31.so
7fe2ac961000-7fe2ac962000 r--p 00003000 08:01 2359493                    /lib/x86_64-linux-gnu/libdl-2.31.so
7fe2ac962000-7fe2ac963000 r--p 00003000 08:01 2359493                    /lib/x86_64-linux-gnu/libdl-2.31.so
7fe2ac963000-7fe2ac964000 rw-p 00004000 08:01 2359493                    /lib/x86_64-linux-gnu/libdl-2.31.so
7fe2ac964000-7fe2ac974000 r-xp 00000000 08:01 7340926                    /home/arnaldo/tools/jdk-11.0.11/lib/jli/libjli.so
7fe2ac974000-7fe2acb73000 ---p 00010000 08:01 7340926                    /home/arnaldo/tools/jdk-11.0.11/lib/jli/libjli.so
7fe2acb73000-7fe2acb74000 r--p 0000f000 08:01 7340926                    /home/arnaldo/tools/jdk-11.0.11/lib/jli/libjli.so
7fe2acb74000-7fe2acb75000 rw-p 00010000 08:01 7340926                    /home/arnaldo/tools/jdk-11.0.11/lib/jli/libjli.so
7fe2acb75000-7fe2acb7c000 r--p 00000000 08:01 2359505                    /lib/x86_64-linux-gnu/libpthread-2.31.so
7fe2acb7c000-7fe2acb8d000 r-xp 00007000 08:01 2359505                    /lib/x86_64-linux-gnu/libpthread-2.31.so
7fe2acb8d000-7fe2acb92000 r--p 00018000 08:01 2359505                    /lib/x86_64-linux-gnu/libpthread-2.31.so
7fe2acb92000-7fe2acb93000 r--p 0001c000 08:01 2359505                    /lib/x86_64-linux-gnu/libpthread-2.31.so
7fe2acb93000-7fe2acb94000 rw-p 0001d000 08:01 2359505                    /lib/x86_64-linux-gnu/libpthread-2.31.so
7fe2acb94000-7fe2acb98000 rw-p 00000000 00:00 0 
7fe2acb98000-7fe2acb9a000 r--p 00000000 08:01 2359527                    /lib/x86_64-linux-gnu/libz.so.1.2.11
7fe2acb9a000-7fe2acbab000 r-xp 00002000 08:01 2359527                    /lib/x86_64-linux-gnu/libz.so.1.2.11
7fe2acbab000-7fe2acbb1000 r--p 00013000 08:01 2359527                    /lib/x86_64-linux-gnu/libz.so.1.2.11
7fe2acbb1000-7fe2acbb2000 ---p 00019000 08:01 2359527                    /lib/x86_64-linux-gnu/libz.so.1.2.11
7fe2acbb2000-7fe2acbb3000 r--p 00019000 08:01 2359527                    /lib/x86_64-linux-gnu/libz.so.1.2.11
7fe2acbb3000-7fe2acbb4000 rw-p 0001a000 08:01 2359527                    /lib/x86_64-linux-gnu/libz.so.1.2.11
7fe2acbb4000-7fe2acbb6000 rw-p 00000000 00:00 0 
7fe2acbb6000-7fe2acbbe000 rw-s 00000000 08:01 4457099                    /tmp/hsperfdata_arnaldo/12636
7fe2acbbe000-7fe2acbc0000 r--p 00000000 08:01 2359498                    /lib/x86_64-linux-gnu/libnss_compat-2.31.so
7fe2acbc0000-7fe2acbc7000 r-xp 00002000 08:01 2359498                    /lib/x86_64-linux-gnu/libnss_compat-2.31.so
7fe2acbc7000-7fe2acbc8000 r--p 00009000 08:01 2359498                    /lib/x86_64-linux-gnu/libnss_compat-2.31.so
7fe2acbc8000-7fe2acbc9000 r--p 00009000 08:01 2359498                    /lib/x86_64-linux-gnu/libnss_compat-2.31.so
7fe2acbc9000-7fe2acbca000 rw-p 0000a000 08:01 2359498                    /lib/x86_64-linux-gnu/libnss_compat-2.31.so
7fe2acbca000-7fe2acbcb000 ---p 00000000 00:00 0 
7fe2acbcb000-7fe2acbcc000 r--p 00000000 00:00 0 
7fe2acbcc000-7fe2acbcd000 r--p 00000000 08:01 2359488                    /lib/x86_64-linux-gnu/ld-2.31.so
7fe2acbcd000-7fe2acbf0000 r-xp 00001000 08:01 2359488                    /lib/x86_64-linux-gnu/ld-2.31.so
7fe2acbf0000-7fe2acbf8000 r--p 00024000 08:01 2359488                    /lib/x86_64-linux-gnu/ld-2.31.so
7fe2acbf9000-7fe2acbfa000 r--p 0002c000 08:01 2359488                    /lib/x86_64-linux-gnu/ld-2.31.so
7fe2acbfa000-7fe2acbfb000 rw-p 0002d000 08:01 2359488                    /lib/x86_64-linux-gnu/ld-2.31.so
7fe2acbfb000-7fe2acbfc000 rw-p 00000000 00:00 0 
7ffce357a000-7ffce359b000 rw-p 00000000 00:00 0                          [stack]
7ffce35e3000-7ffce35e6000 r--p 00000000 00:00 0                          [vvar]
7ffce35e6000-7ffce35e7000 r-xp 00000000 00:00 0                          [vdso]
ffffffffff600000-ffffffffff601000 --xp 00000000 00:00 0                  [vsyscall]


VM Arguments:
java_command: /home/arnaldo/projects/workspace-spring-tool/Builders/target/surefire/surefirebooter9724967735649088708.jar /home/arnaldo/projects/workspace-spring-tool/Builders/target/surefire 2021-07-29T00-10-51_387-jvmRun1 surefire234982323418129247tmp surefire_012296992875974197766tmp
java_class_path (initial): /home/arnaldo/projects/workspace-spring-tool/Builders/target/surefire/surefirebooter9724967735649088708.jar
Launcher Type: SUN_STANDARD

[Global flags]
     intx CICompilerCount                          = 4                                         {product} {ergonomic}
     uint ConcGCThreads                            = 2                                         {product} {ergonomic}
     uint G1ConcRefinementThreads                  = 8                                         {product} {ergonomic}
   size_t G1HeapRegionSize                         = 1048576                                   {product} {ergonomic}
    uintx GCDrainStackTargetSize                   = 64                                        {product} {ergonomic}
   size_t InitialHeapSize                          = 262144000                                 {product} {ergonomic}
   size_t MarkStackSize                            = 4194304                                   {product} {ergonomic}
   size_t MaxHeapSize                              = 4181721088                                {product} {ergonomic}
   size_t MaxNewSize                               = 2508193792                                {product} {ergonomic}
   size_t MinHeapDeltaBytes                        = 1048576                                   {product} {ergonomic}
    uintx NonNMethodCodeHeapSize                   = 5836300                                {pd product} {ergonomic}
    uintx NonProfiledCodeHeapSize                  = 122910970                              {pd product} {ergonomic}
    uintx ProfiledCodeHeapSize                     = 122910970                              {pd product} {ergonomic}
    uintx ReservedCodeCacheSize                    = 251658240                              {pd product} {ergonomic}
     bool SegmentedCodeCache                       = true                                      {product} {ergonomic}
     bool UseCompressedClassPointers               = true                                 {lp64_product} {ergonomic}
     bool UseCompressedOops                        = true                                 {lp64_product} {ergonomic}
     bool UseG1GC                                  = true                                      {product} {ergonomic}

Logging:
Log output configuration:
 #0: stdout all=warning uptime,level,tags
 #1: stderr all=off uptime,level,tags

Environment Variables:
PATH=/usr/local/sbin:/usr/local/bin:/usr/sbin:/usr/bin:/sbin:/bin:/usr/games:/usr/local/games:/snap/bin
USERNAME=arnaldo
SHELL=/bin/bash
DISPLAY=:0

Signal Handlers:
SIGSEGV: [libjvm.so+0xea2e10], sa_mask[0]=11111111011111111101111111111110, sa_flags=SA_RESTART|SA_SIGINFO
SIGBUS: [libjvm.so+0xea2e10], sa_mask[0]=11111111011111111101111111111110, sa_flags=SA_RESTART|SA_SIGINFO
SIGFPE: [libjvm.so+0xea2e10], sa_mask[0]=11111111011111111101111111111110, sa_flags=SA_RESTART|SA_SIGINFO
SIGPIPE: [libjvm.so+0xc720d0], sa_mask[0]=11111111011111111101111111111110, sa_flags=SA_RESTART|SA_SIGINFO
SIGXFSZ: [libjvm.so+0xc720d0], sa_mask[0]=11111111011111111101111111111110, sa_flags=SA_RESTART|SA_SIGINFO
SIGILL: [libjvm.so+0xea2e10], sa_mask[0]=11111111011111111101111111111110, sa_flags=SA_RESTART|SA_SIGINFO
SIGUSR2: [libjvm.so+0xc71f70], sa_mask[0]=00100000000000000000000000000000, sa_flags=SA_RESTART|SA_SIGINFO
SIGHUP: [libjvm.so+0xc722d0], sa_mask[0]=11111111011111111101111111111110, sa_flags=SA_RESTART|SA_SIGINFO
SIGINT: [libjvm.so+0xc722d0], sa_mask[0]=11111111011111111101111111111110, sa_flags=SA_RESTART|SA_SIGINFO
SIGTERM: [libjvm.so+0xc722d0], sa_mask[0]=11111111011111111101111111111110, sa_flags=SA_RESTART|SA_SIGINFO
SIGQUIT: [libjvm.so+0xc722d0], sa_mask[0]=11111111011111111101111111111110, sa_flags=SA_RESTART|SA_SIGINFO


---------------  S Y S T E M  ---------------

OS:DISTRIB_ID=Ubuntu
DISTRIB_RELEASE=20.04
DISTRIB_CODENAME=focal
DISTRIB_DESCRIPTION="Ubuntu 20.04.2 LTS"
uname:Linux 5.4.0-80-generic #90-Ubuntu SMP Fri Jul 9 22:49:44 UTC 2021 x86_64
libc:glibc 2.31 NPTL 2.31 
rlimit: STACK 8192k, CORE 0k, NPROC 63564, NOFILE 1048576, AS infinity, DATA infinity, FSIZE infinity
load average:0,57 0,61 0,62

/proc/meminfo:
MemTotal:       16331328 kB
MemFree:         8088916 kB
MemAvailable:   11274112 kB
Buffers:          271084 kB
Cached:          3145588 kB
SwapCached:            0 kB
Active:          5755836 kB
Inactive:        1869624 kB
Active(anon):    4208176 kB
Inactive(anon):    85456 kB
Active(file):    1547660 kB
Inactive(file):  1784168 kB
Unevictable:          48 kB
Mlocked:              48 kB
SwapTotal:       2097148 kB
SwapFree:        2097148 kB
Dirty:              1104 kB
Writeback:             0 kB
AnonPages:       4209184 kB
Mapped:           894720 kB
Shmem:             88216 kB
KReclaimable:     189428 kB
Slab:             388308 kB
SReclaimable:     189428 kB
SUnreclaim:       198880 kB
KernelStack:       19616 kB
PageTables:        44840 kB
NFS_Unstable:          0 kB
Bounce:                0 kB
WritebackTmp:          0 kB
CommitLimit:    10262812 kB
Committed_AS:   14356728 kB
VmallocTotal:   34359738367 kB
VmallocUsed:       41280 kB
VmallocChunk:          0 kB
Percpu:             8608 kB
HardwareCorrupted:     0 kB
AnonHugePages:         0 kB
ShmemHugePages:        0 kB
ShmemPmdMapped:        0 kB
FileHugePages:         0 kB
FilePmdMapped:         0 kB
CmaTotal:              0 kB
CmaFree:               0 kB
HugePages_Total:       0
HugePages_Free:        0
HugePages_Rsvd:        0
HugePages_Surp:        0
Hugepagesize:       2048 kB
Hugetlb:               0 kB
DirectMap4k:      523952 kB
DirectMap2M:    16187392 kB


/proc/sys/kernel/threads-max (system-wide limit on the number of threads):
127129


/proc/sys/vm/max_map_count (maximum number of memory map areas a process may have):
65530


/proc/sys/kernel/pid_max (system-wide limit on number of process identifiers):
4194304



container (cgroup) information:
container_type: cgroupv1
cpu_cpuset_cpus: 0-7
cpu_memory_nodes: 0
active_processor_count: 8
cpu_quota: -1
cpu_period: 100000
cpu_shares: -1
memory_limit_in_bytes: -1
memory_and_swap_limit_in_bytes: -2
memory_soft_limit_in_bytes: -1
memory_usage_in_bytes: 5621829632
memory_max_usage_in_bytes: 6176862208


CPU:total 8 (initial active 8) (4 cores per cpu, 2 threads per core) family 6 model 30 stepping 5 microcode 0xa, cmov, cx8, fxsr, mmx, sse, sse2, sse3, ssse3, sse4.1, sse4.2, popcnt, ht, tsc, tscinvbit
CPU Model and flags from /proc/cpuinfo:
model name	: Intel(R) Core(TM) i7 CPU         860  @ 2.80GHz
flags		: fpu vme de pse tsc msr pae mce cx8 apic sep mtrr pge mca cmov pat pse36 clflush dts acpi mmx fxsr sse sse2 ht tm pbe syscall nx rdtscp lm constant_tsc arch_perfmon pebs bts rep_good nopl xtopology nonstop_tsc cpuid aperfmperf pni dtes64 monitor ds_cpl vmx smx est tm2 ssse3 cx16 xtpr pdcm sse4_1 sse4_2 popcnt lahf_lm pti ssbd ibrs ibpb stibp tpr_shadow vnmi flexpriority ept vpid dtherm ida flush_l1d

Memory: 4k page, physical 16331328k(8088916k free), swap 2097148k(2097148k free)

vm_info: Java HotSpot(TM) 64-Bit Server VM (11.0.11+9-LTS-194) for linux-amd64 JRE (11.0.11+9-LTS-194), built on Mar 18 2021 17:46:40 by "mach5one" with gcc 7.3.0

END.
